<?xml version="1.0" encoding="UTF-8"?>
<robot generator="Robot 6.0.2 (Python 3.10.8 on darwin)" generated="20240914 13:27:32.618" rpa="false" schemaversion="3">
<suite id="s1" name="Testcases" source="/Users/supuckjunklar/Desktop/Learning/ttss-assessment/testcases">
<suite id="s1-s1" name="Test Api" source="/Users/supuckjunklar/Desktop/Learning/ttss-assessment/testcases/test_api.robot">
<test id="s1-s1-t1" name="TC_2.1 Get user infomation and Verify Status" line="5">
<kw name="Create Session" library="RequestsLibrary">
<arg>get</arg>
<arg>https://reqres.in/api</arg>
<doc>Create Session: create a HTTP session to a server</doc>
<msg timestamp="20240914 13:27:33.049" level="INFO">Creating Session using : alias=get, url=https://reqres.in/api, headers={},                     cookies={}, auth=None, timeout=None, proxies=None, verify=False,                     debug=0 </msg>
<status status="PASS" starttime="20240914 13:27:33.048" endtime="20240914 13:27:33.049"/>
</kw>
<kw name="GET On Session" library="RequestsLibrary">
<var>${response}</var>
<arg>get</arg>
<arg>/users/2</arg>
<doc>Sends a GET request on a previously created HTTP Session.</doc>
<msg timestamp="20240914 13:27:33.212" level="INFO">GET Request : url=https://reqres.in/api/users/2 
 path_url=/api/users/2 
 headers={'User-Agent': 'python-requests/2.28.2', 'Accept-Encoding': 'gzip, deflate', 'Accept': '*/*', 'Connection': 'keep-alive'} 
 body=None 
 </msg>
<msg timestamp="20240914 13:27:33.212" level="INFO">GET Response : url=https://reqres.in/api/users/2 
 status=200, reason=OK 
 headers={'Date': 'Sat, 14 Sep 2024 06:27:33 GMT', 'Content-Type': 'application/json; charset=utf-8', 'Transfer-Encoding': 'chunked', 'Connection': 'keep-alive', 'Report-To': '{"group":"heroku-nel","max_age":3600,"endpoints":[{"url":"https://nel.heroku.com/reports?ts=1726172116&amp;sid=c4c9725f-1ab0-44d8-820f-430df2718e11&amp;s=Qruhv8Q3kR%2BDofTelhTV62TUOCjQnJUsjc3nJDJwVBQ%3D"}]}', 'Reporting-Endpoints': 'heroku-nel=https://nel.heroku.com/reports?ts=1726172116&amp;sid=c4c9725f-1ab0-44d8-820f-430df2718e11&amp;s=Qruhv8Q3kR%2BDofTelhTV62TUOCjQnJUsjc3nJDJwVBQ%3D', 'Nel': '{"report_to":"heroku-nel","max_age":3600,"success_fraction":0.005,"failure_fraction":0.05,"response_headers":["Via"]}', 'X-Powered-By': 'Express', 'Access-Control-Allow-Origin': '*', 'Etag': 'W/"118-pbdwwFo9SKNhD3Lx5iHJyngpq00"', 'Via': '1.1 vegur', 'Cache-Control': 'max-age=14400', 'CF-Cache-Status': 'HIT', 'Age': '298', 'Vary': 'Accept-Encoding', 'Server': 'cloudflare', 'CF-RAY': '8c2e4fd50e629f7f-SIN', 'Content-Encoding': 'gzip'} 
 body={"data":{"id":2,"email":"janet.weaver@reqres.in","first_name":"Janet","last_name":"Weaver","avatar":"https://reqres.in/img/faces/2-image.jpg"},"support":{"url":"https://reqres.in/#support-heading","text":"To keep ReqRes free, contributions towards server costs are appreciated!"}} 
 </msg>
<msg timestamp="20240914 13:27:33.212" level="INFO">/Library/Frameworks/Python.framework/Versions/3.10/lib/python3.10/site-packages/urllib3/connectionpool.py:1045: InsecureRequestWarning: Unverified HTTPS request is being made to host 'reqres.in'. Adding certificate verification is strongly advised. See: https://urllib3.readthedocs.io/en/1.26.x/advanced-usage.html#ssl-warnings
  warnings.warn(</msg>
<msg timestamp="20240914 13:27:33.213" level="INFO">${response} = &lt;Response [200]&gt;</msg>
<status status="PASS" starttime="20240914 13:27:33.049" endtime="20240914 13:27:33.213"/>
</kw>
<kw name="Status Should Be" library="RequestsLibrary">
<arg>200</arg>
<arg>${response}</arg>
<doc>Fails if response status code is different than the expected.</doc>
<status status="PASS" starttime="20240914 13:27:33.214" endtime="20240914 13:27:33.215"/>
</kw>
<status status="PASS" starttime="20240914 13:27:33.047" endtime="20240914 13:27:33.215"/>
</test>
<test id="s1-s1-t2" name="TC_2.2 Create User and Verify Data" line="12">
<kw name="Create Session" library="RequestsLibrary">
<arg>cerate</arg>
<arg>https://reqres.in/api</arg>
<doc>Create Session: create a HTTP session to a server</doc>
<msg timestamp="20240914 13:27:33.216" level="INFO">Creating Session using : alias=cerate, url=https://reqres.in/api, headers={},                     cookies={}, auth=None, timeout=None, proxies=None, verify=False,                     debug=0 </msg>
<status status="PASS" starttime="20240914 13:27:33.216" endtime="20240914 13:27:33.217"/>
</kw>
<kw name="Create Dictionary" library="BuiltIn">
<var>${data}</var>
<arg>name=${TC_2.Create.name}</arg>
<arg>job=${TC_2.Create.job}</arg>
<doc>Creates and returns a dictionary based on the given ``items``.</doc>
<msg timestamp="20240914 13:27:33.222" level="INFO">${data} = {'name': 'Supuck', 'job': 'QA engineer'}</msg>
<status status="PASS" starttime="20240914 13:27:33.218" endtime="20240914 13:27:33.222"/>
</kw>
<kw name="Create Dictionary" library="BuiltIn">
<var>${headers}</var>
<arg>Content-Type=application/json</arg>
<doc>Creates and returns a dictionary based on the given ``items``.</doc>
<msg timestamp="20240914 13:27:33.223" level="INFO">${headers} = {'Content-Type': 'application/json'}</msg>
<status status="PASS" starttime="20240914 13:27:33.222" endtime="20240914 13:27:33.223"/>
</kw>
<kw name="POST On Session" library="RequestsLibrary">
<var>${response}</var>
<arg>cerate</arg>
<arg>/users</arg>
<arg>json=${data}</arg>
<arg>headers=${headers}</arg>
<doc>Sends a POST request on a previously created HTTP Session.</doc>
<msg timestamp="20240914 13:27:33.755" level="INFO">POST Request : url=https://reqres.in/api/users 
 path_url=/api/users 
 headers={'User-Agent': 'python-requests/2.28.2', 'Accept-Encoding': 'gzip, deflate', 'Accept': '*/*', 'Connection': 'keep-alive', 'Content-Type': 'application/json', 'Content-Length': '40'} 
 body=b'{"name": "Supuck", "job": "QA engineer"}' 
 </msg>
<msg timestamp="20240914 13:27:33.755" level="INFO">POST Response : url=https://reqres.in/api/users 
 status=201, reason=Created 
 headers={'Date': 'Sat, 14 Sep 2024 06:27:33 GMT', 'Content-Type': 'application/json; charset=utf-8', 'Content-Length': '87', 'Connection': 'keep-alive', 'Report-To': '{"group":"heroku-nel","max_age":3600,"endpoints":[{"url":"https://nel.heroku.com/reports?ts=1726295253&amp;sid=c4c9725f-1ab0-44d8-820f-430df2718e11&amp;s=G%2BbKucah210n6X0wZIl0Rn9hneLSKj2ox9TW6rSgLHc%3D"}]}', 'Reporting-Endpoints': 'heroku-nel=https://nel.heroku.com/reports?ts=1726295253&amp;sid=c4c9725f-1ab0-44d8-820f-430df2718e11&amp;s=G%2BbKucah210n6X0wZIl0Rn9hneLSKj2ox9TW6rSgLHc%3D', 'Nel': '{"report_to":"heroku-nel","max_age":3600,"success_fraction":0.005,"failure_fraction":0.05,"response_headers":["Via"]}', 'X-Powered-By': 'Express', 'Access-Control-Allow-Origin': '*', 'Etag': 'W/"57-PJQ4b6sp1U1VdU2w88eMNurPbJ0"', 'Via': '1.1 vegur', 'CF-Cache-Status': 'DYNAMIC', 'Server': 'cloudflare', 'CF-RAY': '8c2e4fd568dc7dc6-BKK'} 
 body={"name":"Supuck","job":"QA engineer","id":"397","createdAt":"2024-09-14T06:27:33.691Z"} 
 </msg>
<msg timestamp="20240914 13:27:33.755" level="INFO">/Library/Frameworks/Python.framework/Versions/3.10/lib/python3.10/site-packages/urllib3/connectionpool.py:1045: InsecureRequestWarning: Unverified HTTPS request is being made to host 'reqres.in'. Adding certificate verification is strongly advised. See: https://urllib3.readthedocs.io/en/1.26.x/advanced-usage.html#ssl-warnings
  warnings.warn(</msg>
<msg timestamp="20240914 13:27:33.755" level="INFO">${response} = &lt;Response [201]&gt;</msg>
<status status="PASS" starttime="20240914 13:27:33.223" endtime="20240914 13:27:33.756"/>
</kw>
<kw name="Status Should Be" library="RequestsLibrary">
<arg>201</arg>
<arg>${response}</arg>
<doc>Fails if response status code is different than the expected.</doc>
<status status="PASS" starttime="20240914 13:27:33.756" endtime="20240914 13:27:33.757"/>
</kw>
<kw name="Convert Date" library="DateTime">
<var>${dateCreate}</var>
<arg>${response.json()["createdAt"]}</arg>
<arg>%d-%m-%Y</arg>
<doc>Converts between supported `date formats`.</doc>
<msg timestamp="20240914 13:27:33.769" level="INFO">${dateCreate} = 14-09-2024</msg>
<status status="PASS" starttime="20240914 13:27:33.758" endtime="20240914 13:27:33.769"/>
</kw>
<kw name="Get Current Date" library="DateTime">
<var>${dateNow}</var>
<arg>result_format=%d-%m-%Y</arg>
<doc>Returns current local or UTC time with an optional increment.</doc>
<msg timestamp="20240914 13:27:33.772" level="INFO">${dateNow} = 14-09-2024</msg>
<status status="PASS" starttime="20240914 13:27:33.770" endtime="20240914 13:27:33.772"/>
</kw>
<kw name="Should Be Equal" library="BuiltIn">
<arg>${data["name"]}</arg>
<arg>${response.json()["name"]}</arg>
<doc>Fails if the given objects are unequal.</doc>
<status status="PASS" starttime="20240914 13:27:33.773" endtime="20240914 13:27:33.779"/>
</kw>
<kw name="Should Be Equal" library="BuiltIn">
<arg>${data["job"]}</arg>
<arg>${response.json()["job"]}</arg>
<doc>Fails if the given objects are unequal.</doc>
<status status="PASS" starttime="20240914 13:27:33.779" endtime="20240914 13:27:33.785"/>
</kw>
<kw name="Should Be Equal" library="BuiltIn">
<arg>${dateNow}</arg>
<arg>${dateCreate}</arg>
<doc>Fails if the given objects are unequal.</doc>
<status status="PASS" starttime="20240914 13:27:33.785" endtime="20240914 13:27:33.787"/>
</kw>
<status status="PASS" starttime="20240914 13:27:33.215" endtime="20240914 13:27:33.787"/>
</test>
<test id="s1-s1-t3" name="TC_2.3 Update User and Verify Data" line="28">
<kw name="Create Session" library="RequestsLibrary">
<arg>update</arg>
<arg>https://reqres.in/api</arg>
<doc>Create Session: create a HTTP session to a server</doc>
<msg timestamp="20240914 13:27:33.789" level="INFO">Creating Session using : alias=update, url=https://reqres.in/api, headers={},                     cookies={}, auth=None, timeout=None, proxies=None, verify=False,                     debug=0 </msg>
<status status="PASS" starttime="20240914 13:27:33.789" endtime="20240914 13:27:33.790"/>
</kw>
<kw name="Create Dictionary" library="BuiltIn">
<var>${data}</var>
<arg>name=${TC_2.Update.name}</arg>
<arg>job=${TC_2.Update.job}</arg>
<doc>Creates and returns a dictionary based on the given ``items``.</doc>
<msg timestamp="20240914 13:27:33.795" level="INFO">${data} = {'name': 'TK', 'job': 'Auto-update'}</msg>
<status status="PASS" starttime="20240914 13:27:33.790" endtime="20240914 13:27:33.795"/>
</kw>
<kw name="Create Dictionary" library="BuiltIn">
<var>${headers}</var>
<arg>Content-Type=application/json</arg>
<doc>Creates and returns a dictionary based on the given ``items``.</doc>
<msg timestamp="20240914 13:27:33.796" level="INFO">${headers} = {'Content-Type': 'application/json'}</msg>
<status status="PASS" starttime="20240914 13:27:33.795" endtime="20240914 13:27:33.796"/>
</kw>
<kw name="PUT On Session" library="RequestsLibrary">
<var>${response}</var>
<arg>update</arg>
<arg>/users/2</arg>
<arg>json=${data}</arg>
<arg>headers=${headers}</arg>
<doc>Sends a PUT request on a previously created HTTP Session.</doc>
<msg timestamp="20240914 13:27:34.268" level="INFO">PUT Request : url=https://reqres.in/api/users/2 
 path_url=/api/users/2 
 headers={'User-Agent': 'python-requests/2.28.2', 'Accept-Encoding': 'gzip, deflate', 'Accept': '*/*', 'Connection': 'keep-alive', 'Content-Type': 'application/json', 'Content-Length': '36'} 
 body=b'{"name": "TK", "job": "Auto-update"}' 
 </msg>
<msg timestamp="20240914 13:27:34.268" level="INFO">PUT Response : url=https://reqres.in/api/users/2 
 status=200, reason=OK 
 headers={'Date': 'Sat, 14 Sep 2024 06:27:34 GMT', 'Content-Type': 'application/json; charset=utf-8', 'Transfer-Encoding': 'chunked', 'Connection': 'keep-alive', 'Report-To': '{"group":"heroku-nel","max_age":3600,"endpoints":[{"url":"https://nel.heroku.com/reports?ts=1726295254&amp;sid=c4c9725f-1ab0-44d8-820f-430df2718e11&amp;s=o9fHImvrea5dKuT%2FB7RseJ3%2Bynz%2ByYSucxSyN1qPTmw%3D"}]}', 'Reporting-Endpoints': 'heroku-nel=https://nel.heroku.com/reports?ts=1726295254&amp;sid=c4c9725f-1ab0-44d8-820f-430df2718e11&amp;s=o9fHImvrea5dKuT%2FB7RseJ3%2Bynz%2ByYSucxSyN1qPTmw%3D', 'Nel': '{"report_to":"heroku-nel","max_age":3600,"success_fraction":0.005,"failure_fraction":0.05,"response_headers":["Via"]}', 'X-Powered-By': 'Express', 'Access-Control-Allow-Origin': '*', 'Etag': 'W/"48-WATz9PvgGoSMKKa9tSc7Dub26F8"', 'Via': '1.1 vegur', 'CF-Cache-Status': 'DYNAMIC', 'Vary': 'Accept-Encoding', 'Server': 'cloudflare', 'CF-RAY': '8c2e4fd8fde12dc8-BKK', 'Content-Encoding': 'gzip'} 
 body={"name":"TK","job":"Auto-update","updatedAt":"2024-09-14T06:27:34.226Z"} 
 </msg>
<msg timestamp="20240914 13:27:34.268" level="INFO">/Library/Frameworks/Python.framework/Versions/3.10/lib/python3.10/site-packages/urllib3/connectionpool.py:1045: InsecureRequestWarning: Unverified HTTPS request is being made to host 'reqres.in'. Adding certificate verification is strongly advised. See: https://urllib3.readthedocs.io/en/1.26.x/advanced-usage.html#ssl-warnings
  warnings.warn(</msg>
<msg timestamp="20240914 13:27:34.269" level="INFO">${response} = &lt;Response [200]&gt;</msg>
<status status="PASS" starttime="20240914 13:27:33.797" endtime="20240914 13:27:34.269"/>
</kw>
<kw name="Status Should Be" library="RequestsLibrary">
<arg>200</arg>
<arg>${response}</arg>
<doc>Fails if response status code is different than the expected.</doc>
<status status="PASS" starttime="20240914 13:27:34.269" endtime="20240914 13:27:34.270"/>
</kw>
<kw name="Convert Date" library="DateTime">
<var>${dateCreate}</var>
<arg>${response.json()["updatedAt"]}</arg>
<arg>%d-%m-%Y</arg>
<doc>Converts between supported `date formats`.</doc>
<msg timestamp="20240914 13:27:34.272" level="INFO">${dateCreate} = 14-09-2024</msg>
<status status="PASS" starttime="20240914 13:27:34.270" endtime="20240914 13:27:34.272"/>
</kw>
<kw name="Get Current Date" library="DateTime">
<var>${dateNow}</var>
<arg>result_format=%d-%m-%Y</arg>
<doc>Returns current local or UTC time with an optional increment.</doc>
<msg timestamp="20240914 13:27:34.273" level="INFO">${dateNow} = 14-09-2024</msg>
<status status="PASS" starttime="20240914 13:27:34.272" endtime="20240914 13:27:34.273"/>
</kw>
<kw name="Should Be Equal" library="BuiltIn">
<arg>${data["name"]}</arg>
<arg>${response.json()["name"]}</arg>
<doc>Fails if the given objects are unequal.</doc>
<status status="PASS" starttime="20240914 13:27:34.273" endtime="20240914 13:27:34.277"/>
</kw>
<kw name="Should Be Equal" library="BuiltIn">
<arg>${data["job"]}</arg>
<arg>${response.json()["job"]}</arg>
<doc>Fails if the given objects are unequal.</doc>
<status status="PASS" starttime="20240914 13:27:34.277" endtime="20240914 13:27:34.280"/>
</kw>
<kw name="Should Be Equal" library="BuiltIn">
<arg>${dateNow}</arg>
<arg>${dateCreate}</arg>
<doc>Fails if the given objects are unequal.</doc>
<status status="PASS" starttime="20240914 13:27:34.281" endtime="20240914 13:27:34.281"/>
</kw>
<status status="PASS" starttime="20240914 13:27:33.788" endtime="20240914 13:27:34.282"/>
</test>
<test id="s1-s1-t4" name="TC_2.4 Delete User and Verify Status" line="44">
<kw name="Create Session" library="RequestsLibrary">
<arg>delete</arg>
<arg>https://reqres.in/api</arg>
<doc>Create Session: create a HTTP session to a server</doc>
<msg timestamp="20240914 13:27:34.284" level="INFO">Creating Session using : alias=delete, url=https://reqres.in/api, headers={},                     cookies={}, auth=None, timeout=None, proxies=None, verify=False,                     debug=0 </msg>
<status status="PASS" starttime="20240914 13:27:34.283" endtime="20240914 13:27:34.284"/>
</kw>
<kw name="DELETE On Session" library="RequestsLibrary">
<var>${response}</var>
<arg>delete</arg>
<arg>/users/2</arg>
<doc>Sends a DELETE request on a previously created HTTP Session.</doc>
<msg timestamp="20240914 13:27:34.882" level="INFO">DELETE Request : url=https://reqres.in/api/users/2 
 path_url=/api/users/2 
 headers={'User-Agent': 'python-requests/2.28.2', 'Accept-Encoding': 'gzip, deflate', 'Accept': '*/*', 'Connection': 'keep-alive', 'Content-Length': '0'} 
 body=None 
 </msg>
<msg timestamp="20240914 13:27:34.883" level="INFO">DELETE Response : url=https://reqres.in/api/users/2 
 status=204, reason=No Content 
 headers={'Date': 'Sat, 14 Sep 2024 06:27:34 GMT', 'Content-Length': '0', 'Connection': 'keep-alive', 'Report-To': '{"group":"heroku-nel","max_age":3600,"endpoints":[{"url":"https://nel.heroku.com/reports?ts=1726295254&amp;sid=c4c9725f-1ab0-44d8-820f-430df2718e11&amp;s=o9fHImvrea5dKuT%2FB7RseJ3%2Bynz%2ByYSucxSyN1qPTmw%3D"}]}', 'Reporting-Endpoints': 'heroku-nel=https://nel.heroku.com/reports?ts=1726295254&amp;sid=c4c9725f-1ab0-44d8-820f-430df2718e11&amp;s=o9fHImvrea5dKuT%2FB7RseJ3%2Bynz%2ByYSucxSyN1qPTmw%3D', 'Nel': '{"report_to":"heroku-nel","max_age":3600,"success_fraction":0.005,"failure_fraction":0.05,"response_headers":["Via"]}', 'X-Powered-By': 'Express', 'Access-Control-Allow-Origin': '*', 'Etag': 'W/"2-vyGp6PvFo4RvsFtPoIWeCReyIC8"', 'Via': '1.1 vegur', 'CF-Cache-Status': 'DYNAMIC', 'Server': 'cloudflare', 'CF-RAY': '8c2e4fdc6d6d8932-SIN'} 
 body=None 
 </msg>
<msg timestamp="20240914 13:27:34.883" level="INFO">/Library/Frameworks/Python.framework/Versions/3.10/lib/python3.10/site-packages/urllib3/connectionpool.py:1045: InsecureRequestWarning: Unverified HTTPS request is being made to host 'reqres.in'. Adding certificate verification is strongly advised. See: https://urllib3.readthedocs.io/en/1.26.x/advanced-usage.html#ssl-warnings
  warnings.warn(</msg>
<msg timestamp="20240914 13:27:34.883" level="INFO">${response} = &lt;Response [204]&gt;</msg>
<status status="PASS" starttime="20240914 13:27:34.284" endtime="20240914 13:27:34.884"/>
</kw>
<kw name="Status Should Be" library="RequestsLibrary">
<arg>204</arg>
<arg>${response}</arg>
<doc>Fails if response status code is different than the expected.</doc>
<status status="PASS" starttime="20240914 13:27:34.884" endtime="20240914 13:27:34.884"/>
</kw>
<status status="PASS" starttime="20240914 13:27:34.282" endtime="20240914 13:27:34.885"/>
</test>
<status status="PASS" starttime="20240914 13:27:32.643" endtime="20240914 13:27:34.886"/>
</suite>
<suite id="s1-s2" name="Test Index" source="/Users/supuckjunklar/Desktop/Learning/ttss-assessment/testcases/test_index.robot">
<test id="s1-s2-t1" name="TC_1.1 Open Browser and Login" line="6">
<kw name="Open web browser" library="common">
<kw name="Open Browser" library="SeleniumLibrary">
<arg>${websiet.url}</arg>
<arg>${websiet.browser}</arg>
<doc>Opens a new browser instance to the optional ``url``.</doc>
<msg timestamp="20240914 13:27:34.910" level="INFO">Opening browser 'chrome' to base url 'https://www.saucedemo.com'.</msg>
<status status="PASS" starttime="20240914 13:27:34.908" endtime="20240914 13:27:38.908"/>
</kw>
<kw name="Set Window Size" library="SeleniumLibrary">
<arg>1440</arg>
<arg>900</arg>
<doc>Sets current windows size to given ``width`` and ``height``.</doc>
<status status="PASS" starttime="20240914 13:27:38.909" endtime="20240914 13:27:38.969"/>
</kw>
<status status="PASS" starttime="20240914 13:27:34.907" endtime="20240914 13:27:38.970"/>
</kw>
<kw name="Input username" library="index_page">
<arg>${TC_1.data1.userName}</arg>
<kw name="Input text when ready" library="common">
<arg>${userName.input}</arg>
<arg>${user}</arg>
<kw name="Wait Until Element Is Visible" library="SeleniumLibrary">
<arg>${locator}</arg>
<arg>${time}</arg>
<doc>Waits until the element ``locator`` is visible.</doc>
<status status="PASS" starttime="20240914 13:27:38.973" endtime="20240914 13:27:39.016"/>
</kw>
<kw name="Input Text" library="SeleniumLibrary">
<arg>${locator}</arg>
<arg>${textInput}</arg>
<doc>Types the given ``text`` into the text field identified by ``locator``.</doc>
<msg timestamp="20240914 13:27:39.016" level="INFO">Typing text 'standard_user' into text field 'id=user-name'.</msg>
<status status="PASS" starttime="20240914 13:27:39.016" endtime="20240914 13:27:39.323"/>
</kw>
<status status="PASS" starttime="20240914 13:27:38.972" endtime="20240914 13:27:39.323"/>
</kw>
<status status="PASS" starttime="20240914 13:27:38.970" endtime="20240914 13:27:39.323"/>
</kw>
<kw name="Input password" library="index_page">
<arg>${TC_1.data1.password}</arg>
<kw name="Input text when ready" library="common">
<arg>${passWord.inpput}</arg>
<arg>${password}</arg>
<kw name="Wait Until Element Is Visible" library="SeleniumLibrary">
<arg>${locator}</arg>
<arg>${time}</arg>
<doc>Waits until the element ``locator`` is visible.</doc>
<status status="PASS" starttime="20240914 13:27:39.326" endtime="20240914 13:27:39.357"/>
</kw>
<kw name="Input Text" library="SeleniumLibrary">
<arg>${locator}</arg>
<arg>${textInput}</arg>
<doc>Types the given ``text`` into the text field identified by ``locator``.</doc>
<msg timestamp="20240914 13:27:39.357" level="INFO">Typing text 'secret_sauce' into text field 'id=password'.</msg>
<status status="PASS" starttime="20240914 13:27:39.357" endtime="20240914 13:27:39.455"/>
</kw>
<status status="PASS" starttime="20240914 13:27:39.325" endtime="20240914 13:27:39.456"/>
</kw>
<status status="PASS" starttime="20240914 13:27:39.324" endtime="20240914 13:27:39.456"/>
</kw>
<kw name="Click button login" library="index_page">
<kw name="Click element when ready" library="common">
<arg>${login.btn}</arg>
<kw name="Wait Until Element Is Visible" library="SeleniumLibrary">
<arg>${locator}</arg>
<arg>${time}</arg>
<doc>Waits until the element ``locator`` is visible.</doc>
<status status="PASS" starttime="20240914 13:27:39.457" endtime="20240914 13:27:39.488"/>
</kw>
<kw name="Click Element" library="SeleniumLibrary">
<arg>${locator}</arg>
<doc>Click the element identified by ``locator``.</doc>
<msg timestamp="20240914 13:27:39.489" level="INFO">Clicking element 'id=login-button'.</msg>
<status status="PASS" starttime="20240914 13:27:39.488" endtime="20240914 13:27:39.609"/>
</kw>
<status status="PASS" starttime="20240914 13:27:39.457" endtime="20240914 13:27:39.610"/>
</kw>
<status status="PASS" starttime="20240914 13:27:39.456" endtime="20240914 13:27:39.610"/>
</kw>
<status status="PASS" starttime="20240914 13:27:34.906" endtime="20240914 13:27:39.611"/>
</test>
<test id="s1-s2-t2" name="TC_1.2 Add Product to Cart and Verify on Cart" line="12">
<kw name="Verify product active" library="index_page">
<var>${listActive}</var>
<arg>${TC_1.data2.nameProduct}</arg>
<kw name="Get Length" library="BuiltIn">
<var>${renge}</var>
<arg>${nameProduct}</arg>
<doc>Returns and logs the length of the given item as an integer.</doc>
<msg timestamp="20240914 13:27:39.615" level="INFO">Length is 3</msg>
<msg timestamp="20240914 13:27:39.615" level="INFO">${renge} = 3</msg>
<status status="PASS" starttime="20240914 13:27:39.614" endtime="20240914 13:27:39.615"/>
</kw>
<kw name="Create List" library="BuiltIn">
<var>${productList_active}</var>
<doc>Returns a list containing given items.</doc>
<msg timestamp="20240914 13:27:39.615" level="INFO">${productList_active} = []</msg>
<status status="PASS" starttime="20240914 13:27:39.615" endtime="20240914 13:27:39.615"/>
</kw>
<for flavor="IN RANGE">
<var>${index}</var>
<value>${renge}</value>
<iter>
<var name="${index}">0</var>
<kw name="Replace String" library="String">
<var>${activeProduct}</var>
<arg>${itemName.txt}</arg>
<arg>+ PRODUCT +</arg>
<arg>${nameProduct[${index}]}</arg>
<doc>Replaces ``search_for`` in the given ``string`` with ``replace_with``.</doc>
<msg timestamp="20240914 13:27:39.619" level="INFO">${activeProduct} = //div[@class="inventory_item_name " and (.="Test.allTheThings() T-Shirt (Red)")]</msg>
<status status="PASS" starttime="20240914 13:27:39.616" endtime="20240914 13:27:39.619"/>
</kw>
<kw name="Run Keyword And Return Status" library="BuiltIn">
<var>${status_activeProduct}</var>
<arg>common.Element visible when ready</arg>
<arg>${activeProduct}</arg>
<doc>Runs the given keyword with given arguments and returns the status as a Boolean value.</doc>
<kw name="Element visible when ready" library="common">
<arg>${activeProduct}</arg>
<kw name="Wait Until Element Is Visible" library="SeleniumLibrary">
<arg>${locator}</arg>
<arg>${time}</arg>
<doc>Waits until the element ``locator`` is visible.</doc>
<status status="PASS" starttime="20240914 13:27:39.624" endtime="20240914 13:27:39.653"/>
</kw>
<kw name="Element Should Be Visible" library="SeleniumLibrary">
<arg>${locator}</arg>
<doc>Verifies that the element identified by ``locator`` is visible.</doc>
<msg timestamp="20240914 13:27:39.666" level="INFO">Element '//div[@class="inventory_item_name " and (.="Test.allTheThings() T-Shirt (Red)")]' is displayed.</msg>
<status status="PASS" starttime="20240914 13:27:39.653" endtime="20240914 13:27:39.666"/>
</kw>
<status status="PASS" starttime="20240914 13:27:39.622" endtime="20240914 13:27:39.666"/>
</kw>
<msg timestamp="20240914 13:27:39.666" level="INFO">${status_activeProduct} = True</msg>
<status status="PASS" starttime="20240914 13:27:39.620" endtime="20240914 13:27:39.666"/>
</kw>
<if>
<branch type="IF" condition="&quot;${status_activeProduct}&quot;==&quot;True&quot;">
<kw name="Append To List" library="Collections">
<arg>${productList_active}</arg>
<arg>${nameProduct[${index}]}</arg>
<doc>Adds ``values`` to the end of ``list``.</doc>
<status status="PASS" starttime="20240914 13:27:39.667" endtime="20240914 13:27:39.668"/>
</kw>
<status status="PASS" starttime="20240914 13:27:39.666" endtime="20240914 13:27:39.668"/>
</branch>
<branch type="ELSE">
<kw name="Log" library="BuiltIn">
<arg>"Product Not Found - ${nameProduct[${index}]}"</arg>
<arg>WARN</arg>
<doc>Logs the given message with the given level.</doc>
<status status="NOT RUN" starttime="20240914 13:27:39.668" endtime="20240914 13:27:39.668"/>
</kw>
<status status="NOT RUN" starttime="20240914 13:27:39.668" endtime="20240914 13:27:39.668"/>
</branch>
<status status="PASS" starttime="20240914 13:27:39.666" endtime="20240914 13:27:39.668"/>
</if>
<status status="PASS" starttime="20240914 13:27:39.616" endtime="20240914 13:27:39.668"/>
</iter>
<iter>
<var name="${index}">1</var>
<kw name="Replace String" library="String">
<var>${activeProduct}</var>
<arg>${itemName.txt}</arg>
<arg>+ PRODUCT +</arg>
<arg>${nameProduct[${index}]}</arg>
<doc>Replaces ``search_for`` in the given ``string`` with ``replace_with``.</doc>
<msg timestamp="20240914 13:27:39.670" level="INFO">${activeProduct} = //div[@class="inventory_item_name " and (.="Sauce Labs Bike Light")]</msg>
<status status="PASS" starttime="20240914 13:27:39.669" endtime="20240914 13:27:39.670"/>
</kw>
<kw name="Run Keyword And Return Status" library="BuiltIn">
<var>${status_activeProduct}</var>
<arg>common.Element visible when ready</arg>
<arg>${activeProduct}</arg>
<doc>Runs the given keyword with given arguments and returns the status as a Boolean value.</doc>
<kw name="Element visible when ready" library="common">
<arg>${activeProduct}</arg>
<kw name="Wait Until Element Is Visible" library="SeleniumLibrary">
<arg>${locator}</arg>
<arg>${time}</arg>
<doc>Waits until the element ``locator`` is visible.</doc>
<status status="PASS" starttime="20240914 13:27:39.672" endtime="20240914 13:27:39.694"/>
</kw>
<kw name="Element Should Be Visible" library="SeleniumLibrary">
<arg>${locator}</arg>
<doc>Verifies that the element identified by ``locator`` is visible.</doc>
<msg timestamp="20240914 13:27:39.706" level="INFO">Element '//div[@class="inventory_item_name " and (.="Sauce Labs Bike Light")]' is displayed.</msg>
<status status="PASS" starttime="20240914 13:27:39.694" endtime="20240914 13:27:39.706"/>
</kw>
<status status="PASS" starttime="20240914 13:27:39.671" endtime="20240914 13:27:39.706"/>
</kw>
<msg timestamp="20240914 13:27:39.706" level="INFO">${status_activeProduct} = True</msg>
<status status="PASS" starttime="20240914 13:27:39.670" endtime="20240914 13:27:39.706"/>
</kw>
<if>
<branch type="IF" condition="&quot;${status_activeProduct}&quot;==&quot;True&quot;">
<kw name="Append To List" library="Collections">
<arg>${productList_active}</arg>
<arg>${nameProduct[${index}]}</arg>
<doc>Adds ``values`` to the end of ``list``.</doc>
<status status="PASS" starttime="20240914 13:27:39.707" endtime="20240914 13:27:39.707"/>
</kw>
<status status="PASS" starttime="20240914 13:27:39.706" endtime="20240914 13:27:39.707"/>
</branch>
<branch type="ELSE">
<kw name="Log" library="BuiltIn">
<arg>"Product Not Found - ${nameProduct[${index}]}"</arg>
<arg>WARN</arg>
<doc>Logs the given message with the given level.</doc>
<status status="NOT RUN" starttime="20240914 13:27:39.707" endtime="20240914 13:27:39.708"/>
</kw>
<status status="NOT RUN" starttime="20240914 13:27:39.707" endtime="20240914 13:27:39.708"/>
</branch>
<status status="PASS" starttime="20240914 13:27:39.706" endtime="20240914 13:27:39.708"/>
</if>
<status status="PASS" starttime="20240914 13:27:39.668" endtime="20240914 13:27:39.708"/>
</iter>
<iter>
<var name="${index}">2</var>
<kw name="Replace String" library="String">
<var>${activeProduct}</var>
<arg>${itemName.txt}</arg>
<arg>+ PRODUCT +</arg>
<arg>${nameProduct[${index}]}</arg>
<doc>Replaces ``search_for`` in the given ``string`` with ``replace_with``.</doc>
<msg timestamp="20240914 13:27:39.709" level="INFO">${activeProduct} = //div[@class="inventory_item_name " and (.="Sauce Labs Backpack")]</msg>
<status status="PASS" starttime="20240914 13:27:39.708" endtime="20240914 13:27:39.709"/>
</kw>
<kw name="Run Keyword And Return Status" library="BuiltIn">
<var>${status_activeProduct}</var>
<arg>common.Element visible when ready</arg>
<arg>${activeProduct}</arg>
<doc>Runs the given keyword with given arguments and returns the status as a Boolean value.</doc>
<kw name="Element visible when ready" library="common">
<arg>${activeProduct}</arg>
<kw name="Wait Until Element Is Visible" library="SeleniumLibrary">
<arg>${locator}</arg>
<arg>${time}</arg>
<doc>Waits until the element ``locator`` is visible.</doc>
<status status="PASS" starttime="20240914 13:27:39.710" endtime="20240914 13:27:39.729"/>
</kw>
<kw name="Element Should Be Visible" library="SeleniumLibrary">
<arg>${locator}</arg>
<doc>Verifies that the element identified by ``locator`` is visible.</doc>
<msg timestamp="20240914 13:27:39.747" level="INFO">Element '//div[@class="inventory_item_name " and (.="Sauce Labs Backpack")]' is displayed.</msg>
<status status="PASS" starttime="20240914 13:27:39.729" endtime="20240914 13:27:39.747"/>
</kw>
<status status="PASS" starttime="20240914 13:27:39.709" endtime="20240914 13:27:39.747"/>
</kw>
<msg timestamp="20240914 13:27:39.748" level="INFO">${status_activeProduct} = True</msg>
<status status="PASS" starttime="20240914 13:27:39.709" endtime="20240914 13:27:39.748"/>
</kw>
<if>
<branch type="IF" condition="&quot;${status_activeProduct}&quot;==&quot;True&quot;">
<kw name="Append To List" library="Collections">
<arg>${productList_active}</arg>
<arg>${nameProduct[${index}]}</arg>
<doc>Adds ``values`` to the end of ``list``.</doc>
<status status="PASS" starttime="20240914 13:27:39.748" endtime="20240914 13:27:39.749"/>
</kw>
<status status="PASS" starttime="20240914 13:27:39.748" endtime="20240914 13:27:39.749"/>
</branch>
<branch type="ELSE">
<kw name="Log" library="BuiltIn">
<arg>"Product Not Found - ${nameProduct[${index}]}"</arg>
<arg>WARN</arg>
<doc>Logs the given message with the given level.</doc>
<status status="NOT RUN" starttime="20240914 13:27:39.749" endtime="20240914 13:27:39.749"/>
</kw>
<status status="NOT RUN" starttime="20240914 13:27:39.749" endtime="20240914 13:27:39.749"/>
</branch>
<status status="PASS" starttime="20240914 13:27:39.748" endtime="20240914 13:27:39.749"/>
</if>
<status status="PASS" starttime="20240914 13:27:39.708" endtime="20240914 13:27:39.749"/>
</iter>
<status status="PASS" starttime="20240914 13:27:39.615" endtime="20240914 13:27:39.749"/>
</for>
<msg timestamp="20240914 13:27:39.749" level="INFO">${listActive} = ['Test.allTheThings() T-Shirt (Red)', 'Sauce Labs Bike Light', 'Sauce Labs Backpack']</msg>
<status status="PASS" starttime="20240914 13:27:39.613" endtime="20240914 13:27:39.749"/>
</kw>
<kw name="Click add product to cart" library="index_page">
<arg>${listActive}</arg>
<kw name="Get Length" library="BuiltIn">
<var>${renge}</var>
<arg>${nameProduct}</arg>
<doc>Returns and logs the length of the given item as an integer.</doc>
<msg timestamp="20240914 13:27:39.750" level="INFO">Length is 3</msg>
<msg timestamp="20240914 13:27:39.750" level="INFO">${renge} = 3</msg>
<status status="PASS" starttime="20240914 13:27:39.750" endtime="20240914 13:27:39.750"/>
</kw>
<for flavor="IN RANGE">
<var>${index}</var>
<value>${renge}</value>
<iter>
<var name="${index}">0</var>
<kw name="Replace String" library="String">
<var>${addProduct}</var>
<arg>${addCart.btn}</arg>
<arg>+ PRODUCT +</arg>
<arg>${nameProduct[${index}]}</arg>
<doc>Replaces ``search_for`` in the given ``string`` with ``replace_with``.</doc>
<msg timestamp="20240914 13:27:39.752" level="INFO">${addProduct} = //div[@class="inventory_item_name " and (.="Test.allTheThings() T-Shirt (Red)")]/ancestor::div[@class="inventory_item_description"]//button</msg>
<status status="PASS" starttime="20240914 13:27:39.751" endtime="20240914 13:27:39.752"/>
</kw>
<kw name="Scroll Element Into View" library="SeleniumLibrary">
<arg>${addProduct}</arg>
<doc>Scrolls the element identified by ``locator`` into view.</doc>
<status status="PASS" starttime="20240914 13:27:39.752" endtime="20240914 13:27:40.054"/>
</kw>
<kw name="Click element when ready" library="common">
<arg>${addProduct}</arg>
<kw name="Wait Until Element Is Visible" library="SeleniumLibrary">
<arg>${locator}</arg>
<arg>${time}</arg>
<doc>Waits until the element ``locator`` is visible.</doc>
<status status="PASS" starttime="20240914 13:27:40.056" endtime="20240914 13:27:40.078"/>
</kw>
<kw name="Click Element" library="SeleniumLibrary">
<arg>${locator}</arg>
<doc>Click the element identified by ``locator``.</doc>
<msg timestamp="20240914 13:27:40.079" level="INFO">Clicking element '//div[@class="inventory_item_name " and (.="Test.allTheThings() T-Shirt (Red)")]/ancestor::div[@class="inventory_item_description"]//button'.</msg>
<status status="PASS" starttime="20240914 13:27:40.079" endtime="20240914 13:27:40.117"/>
</kw>
<status status="PASS" starttime="20240914 13:27:40.054" endtime="20240914 13:27:40.117"/>
</kw>
<status status="PASS" starttime="20240914 13:27:39.751" endtime="20240914 13:27:40.117"/>
</iter>
<iter>
<var name="${index}">1</var>
<kw name="Replace String" library="String">
<var>${addProduct}</var>
<arg>${addCart.btn}</arg>
<arg>+ PRODUCT +</arg>
<arg>${nameProduct[${index}]}</arg>
<doc>Replaces ``search_for`` in the given ``string`` with ``replace_with``.</doc>
<msg timestamp="20240914 13:27:40.119" level="INFO">${addProduct} = //div[@class="inventory_item_name " and (.="Sauce Labs Bike Light")]/ancestor::div[@class="inventory_item_description"]//button</msg>
<status status="PASS" starttime="20240914 13:27:40.117" endtime="20240914 13:27:40.119"/>
</kw>
<kw name="Scroll Element Into View" library="SeleniumLibrary">
<arg>${addProduct}</arg>
<doc>Scrolls the element identified by ``locator`` into view.</doc>
<status status="PASS" starttime="20240914 13:27:40.119" endtime="20240914 13:27:40.410"/>
</kw>
<kw name="Click element when ready" library="common">
<arg>${addProduct}</arg>
<kw name="Wait Until Element Is Visible" library="SeleniumLibrary">
<arg>${locator}</arg>
<arg>${time}</arg>
<doc>Waits until the element ``locator`` is visible.</doc>
<status status="PASS" starttime="20240914 13:27:40.413" endtime="20240914 13:27:40.442"/>
</kw>
<kw name="Click Element" library="SeleniumLibrary">
<arg>${locator}</arg>
<doc>Click the element identified by ``locator``.</doc>
<msg timestamp="20240914 13:27:40.443" level="INFO">Clicking element '//div[@class="inventory_item_name " and (.="Sauce Labs Bike Light")]/ancestor::div[@class="inventory_item_description"]//button'.</msg>
<status status="PASS" starttime="20240914 13:27:40.442" endtime="20240914 13:27:40.470"/>
</kw>
<status status="PASS" starttime="20240914 13:27:40.411" endtime="20240914 13:27:40.470"/>
</kw>
<status status="PASS" starttime="20240914 13:27:40.117" endtime="20240914 13:27:40.471"/>
</iter>
<iter>
<var name="${index}">2</var>
<kw name="Replace String" library="String">
<var>${addProduct}</var>
<arg>${addCart.btn}</arg>
<arg>+ PRODUCT +</arg>
<arg>${nameProduct[${index}]}</arg>
<doc>Replaces ``search_for`` in the given ``string`` with ``replace_with``.</doc>
<msg timestamp="20240914 13:27:40.472" level="INFO">${addProduct} = //div[@class="inventory_item_name " and (.="Sauce Labs Backpack")]/ancestor::div[@class="inventory_item_description"]//button</msg>
<status status="PASS" starttime="20240914 13:27:40.471" endtime="20240914 13:27:40.472"/>
</kw>
<kw name="Scroll Element Into View" library="SeleniumLibrary">
<arg>${addProduct}</arg>
<doc>Scrolls the element identified by ``locator`` into view.</doc>
<status status="PASS" starttime="20240914 13:27:40.473" endtime="20240914 13:27:40.757"/>
</kw>
<kw name="Click element when ready" library="common">
<arg>${addProduct}</arg>
<kw name="Wait Until Element Is Visible" library="SeleniumLibrary">
<arg>${locator}</arg>
<arg>${time}</arg>
<doc>Waits until the element ``locator`` is visible.</doc>
<status status="PASS" starttime="20240914 13:27:40.759" endtime="20240914 13:27:40.784"/>
</kw>
<kw name="Click Element" library="SeleniumLibrary">
<arg>${locator}</arg>
<doc>Click the element identified by ``locator``.</doc>
<msg timestamp="20240914 13:27:40.785" level="INFO">Clicking element '//div[@class="inventory_item_name " and (.="Sauce Labs Backpack")]/ancestor::div[@class="inventory_item_description"]//button'.</msg>
<status status="PASS" starttime="20240914 13:27:40.784" endtime="20240914 13:27:40.814"/>
</kw>
<status status="PASS" starttime="20240914 13:27:40.757" endtime="20240914 13:27:40.814"/>
</kw>
<status status="PASS" starttime="20240914 13:27:40.471" endtime="20240914 13:27:40.814"/>
</iter>
<status status="PASS" starttime="20240914 13:27:39.750" endtime="20240914 13:27:40.814"/>
</for>
<status status="PASS" starttime="20240914 13:27:39.750" endtime="20240914 13:27:40.814"/>
</kw>
<kw name="Click button cart" library="index_page">
<kw name="Click element when ready" library="common">
<arg>${iconCart.btn}</arg>
<kw name="Wait Until Element Is Visible" library="SeleniumLibrary">
<arg>${locator}</arg>
<arg>${time}</arg>
<doc>Waits until the element ``locator`` is visible.</doc>
<status status="PASS" starttime="20240914 13:27:40.816" endtime="20240914 13:27:40.842"/>
</kw>
<kw name="Click Element" library="SeleniumLibrary">
<arg>${locator}</arg>
<doc>Click the element identified by ``locator``.</doc>
<msg timestamp="20240914 13:27:40.842" level="INFO">Clicking element 'id=shopping_cart_container'.</msg>
<status status="PASS" starttime="20240914 13:27:40.842" endtime="20240914 13:27:40.887"/>
</kw>
<status status="PASS" starttime="20240914 13:27:40.815" endtime="20240914 13:27:40.887"/>
</kw>
<status status="PASS" starttime="20240914 13:27:40.814" endtime="20240914 13:27:40.887"/>
</kw>
<kw name="Verify product on cart" library="index_page">
<arg>${listActive}</arg>
<kw name="Get Length" library="BuiltIn">
<var>${renge}</var>
<arg>${nameProduct}</arg>
<doc>Returns and logs the length of the given item as an integer.</doc>
<msg timestamp="20240914 13:27:40.889" level="INFO">Length is 3</msg>
<msg timestamp="20240914 13:27:40.889" level="INFO">${renge} = 3</msg>
<status status="PASS" starttime="20240914 13:27:40.889" endtime="20240914 13:27:40.889"/>
</kw>
<kw name="Create List" library="BuiltIn">
<var>${productList_cart}</var>
<doc>Returns a list containing given items.</doc>
<msg timestamp="20240914 13:27:40.889" level="INFO">${productList_cart} = []</msg>
<status status="PASS" starttime="20240914 13:27:40.889" endtime="20240914 13:27:40.890"/>
</kw>
<for flavor="IN RANGE">
<var>${index}</var>
<value>${renge}</value>
<iter>
<var name="${index}">0</var>
<kw name="Replace String" library="String">
<var>${productList}</var>
<arg>${itemName_onCart.txt}</arg>
<arg>+ PRODUCT +</arg>
<arg>${nameProduct[${index}]}</arg>
<doc>Replaces ``search_for`` in the given ``string`` with ``replace_with``.</doc>
<msg timestamp="20240914 13:27:40.892" level="INFO">${productList} = //div[@class="inventory_item_name" and (.="Test.allTheThings() T-Shirt (Red)")]</msg>
<status status="PASS" starttime="20240914 13:27:40.890" endtime="20240914 13:27:40.892"/>
</kw>
<kw name="Run Keyword And Return Status" library="BuiltIn">
<var>${status_productList}</var>
<arg>common.Element visible when ready</arg>
<arg>${productList}</arg>
<doc>Runs the given keyword with given arguments and returns the status as a Boolean value.</doc>
<kw name="Element visible when ready" library="common">
<arg>${productList}</arg>
<kw name="Wait Until Element Is Visible" library="SeleniumLibrary">
<arg>${locator}</arg>
<arg>${time}</arg>
<doc>Waits until the element ``locator`` is visible.</doc>
<status status="PASS" starttime="20240914 13:27:40.895" endtime="20240914 13:27:40.916"/>
</kw>
<kw name="Element Should Be Visible" library="SeleniumLibrary">
<arg>${locator}</arg>
<doc>Verifies that the element identified by ``locator`` is visible.</doc>
<msg timestamp="20240914 13:27:40.935" level="INFO">Element '//div[@class="inventory_item_name" and (.="Test.allTheThings() T-Shirt (Red)")]' is displayed.</msg>
<status status="PASS" starttime="20240914 13:27:40.916" endtime="20240914 13:27:40.935"/>
</kw>
<status status="PASS" starttime="20240914 13:27:40.893" endtime="20240914 13:27:40.935"/>
</kw>
<msg timestamp="20240914 13:27:40.936" level="INFO">${status_productList} = True</msg>
<status status="PASS" starttime="20240914 13:27:40.892" endtime="20240914 13:27:40.936"/>
</kw>
<if>
<branch type="IF" condition="&quot;${status_productList}&quot;==&quot;True&quot;">
<kw name="Get text when ready" library="common">
<var>${productCart}</var>
<arg>${productList}</arg>
<kw name="Wait Until Element Is Visible" library="SeleniumLibrary">
<arg>${locator}</arg>
<arg>${time}</arg>
<doc>Waits until the element ``locator`` is visible.</doc>
<status status="PASS" starttime="20240914 13:27:40.937" endtime="20240914 13:27:40.951"/>
</kw>
<kw name="Get Text" library="SeleniumLibrary">
<var>${getText}</var>
<arg>${locator}</arg>
<doc>Returns the text value of the element identified by ``locator``.</doc>
<msg timestamp="20240914 13:27:40.967" level="INFO">${getText} = Test.allTheThings() T-Shirt (Red)</msg>
<status status="PASS" starttime="20240914 13:27:40.951" endtime="20240914 13:27:40.967"/>
</kw>
<return>
<value>${getText}</value>
<status status="PASS" starttime="20240914 13:27:40.967" endtime="20240914 13:27:40.967"/>
</return>
<msg timestamp="20240914 13:27:40.967" level="INFO">${productCart} = Test.allTheThings() T-Shirt (Red)</msg>
<status status="PASS" starttime="20240914 13:27:40.936" endtime="20240914 13:27:40.967"/>
</kw>
<kw name="Should Be Equal" library="BuiltIn">
<arg>${productCart}</arg>
<arg>${nameProduct[${index}]}</arg>
<doc>Fails if the given objects are unequal.</doc>
<status status="PASS" starttime="20240914 13:27:40.967" endtime="20240914 13:27:40.968"/>
</kw>
<kw name="Append To List" library="Collections">
<arg>${productList_cart}</arg>
<arg>${nameProduct[${index}]}</arg>
<doc>Adds ``values`` to the end of ``list``.</doc>
<status status="PASS" starttime="20240914 13:27:40.968" endtime="20240914 13:27:40.969"/>
</kw>
<status status="PASS" starttime="20240914 13:27:40.936" endtime="20240914 13:27:40.969"/>
</branch>
<branch type="ELSE">
<kw name="Log" library="BuiltIn">
<arg>"Products May Be Removed From Cart - ${nameProduct[${index}]}"</arg>
<arg>WARN</arg>
<doc>Logs the given message with the given level.</doc>
<status status="NOT RUN" starttime="20240914 13:27:40.970" endtime="20240914 13:27:40.970"/>
</kw>
<status status="NOT RUN" starttime="20240914 13:27:40.970" endtime="20240914 13:27:40.970"/>
</branch>
<status status="PASS" starttime="20240914 13:27:40.936" endtime="20240914 13:27:40.970"/>
</if>
<status status="PASS" starttime="20240914 13:27:40.890" endtime="20240914 13:27:40.970"/>
</iter>
<iter>
<var name="${index}">1</var>
<kw name="Replace String" library="String">
<var>${productList}</var>
<arg>${itemName_onCart.txt}</arg>
<arg>+ PRODUCT +</arg>
<arg>${nameProduct[${index}]}</arg>
<doc>Replaces ``search_for`` in the given ``string`` with ``replace_with``.</doc>
<msg timestamp="20240914 13:27:40.971" level="INFO">${productList} = //div[@class="inventory_item_name" and (.="Sauce Labs Bike Light")]</msg>
<status status="PASS" starttime="20240914 13:27:40.970" endtime="20240914 13:27:40.971"/>
</kw>
<kw name="Run Keyword And Return Status" library="BuiltIn">
<var>${status_productList}</var>
<arg>common.Element visible when ready</arg>
<arg>${productList}</arg>
<doc>Runs the given keyword with given arguments and returns the status as a Boolean value.</doc>
<kw name="Element visible when ready" library="common">
<arg>${productList}</arg>
<kw name="Wait Until Element Is Visible" library="SeleniumLibrary">
<arg>${locator}</arg>
<arg>${time}</arg>
<doc>Waits until the element ``locator`` is visible.</doc>
<status status="PASS" starttime="20240914 13:27:40.973" endtime="20240914 13:27:40.994"/>
</kw>
<kw name="Element Should Be Visible" library="SeleniumLibrary">
<arg>${locator}</arg>
<doc>Verifies that the element identified by ``locator`` is visible.</doc>
<msg timestamp="20240914 13:27:41.008" level="INFO">Element '//div[@class="inventory_item_name" and (.="Sauce Labs Bike Light")]' is displayed.</msg>
<status status="PASS" starttime="20240914 13:27:40.994" endtime="20240914 13:27:41.008"/>
</kw>
<status status="PASS" starttime="20240914 13:27:40.972" endtime="20240914 13:27:41.008"/>
</kw>
<msg timestamp="20240914 13:27:41.008" level="INFO">${status_productList} = True</msg>
<status status="PASS" starttime="20240914 13:27:40.971" endtime="20240914 13:27:41.008"/>
</kw>
<if>
<branch type="IF" condition="&quot;${status_productList}&quot;==&quot;True&quot;">
<kw name="Get text when ready" library="common">
<var>${productCart}</var>
<arg>${productList}</arg>
<kw name="Wait Until Element Is Visible" library="SeleniumLibrary">
<arg>${locator}</arg>
<arg>${time}</arg>
<doc>Waits until the element ``locator`` is visible.</doc>
<status status="PASS" starttime="20240914 13:27:41.009" endtime="20240914 13:27:41.023"/>
</kw>
<kw name="Get Text" library="SeleniumLibrary">
<var>${getText}</var>
<arg>${locator}</arg>
<doc>Returns the text value of the element identified by ``locator``.</doc>
<msg timestamp="20240914 13:27:41.044" level="INFO">${getText} = Sauce Labs Bike Light</msg>
<status status="PASS" starttime="20240914 13:27:41.024" endtime="20240914 13:27:41.044"/>
</kw>
<return>
<value>${getText}</value>
<status status="PASS" starttime="20240914 13:27:41.044" endtime="20240914 13:27:41.044"/>
</return>
<msg timestamp="20240914 13:27:41.044" level="INFO">${productCart} = Sauce Labs Bike Light</msg>
<status status="PASS" starttime="20240914 13:27:41.008" endtime="20240914 13:27:41.044"/>
</kw>
<kw name="Should Be Equal" library="BuiltIn">
<arg>${productCart}</arg>
<arg>${nameProduct[${index}]}</arg>
<doc>Fails if the given objects are unequal.</doc>
<status status="PASS" starttime="20240914 13:27:41.044" endtime="20240914 13:27:41.045"/>
</kw>
<kw name="Append To List" library="Collections">
<arg>${productList_cart}</arg>
<arg>${nameProduct[${index}]}</arg>
<doc>Adds ``values`` to the end of ``list``.</doc>
<status status="PASS" starttime="20240914 13:27:41.045" endtime="20240914 13:27:41.046"/>
</kw>
<status status="PASS" starttime="20240914 13:27:41.008" endtime="20240914 13:27:41.046"/>
</branch>
<branch type="ELSE">
<kw name="Log" library="BuiltIn">
<arg>"Products May Be Removed From Cart - ${nameProduct[${index}]}"</arg>
<arg>WARN</arg>
<doc>Logs the given message with the given level.</doc>
<status status="NOT RUN" starttime="20240914 13:27:41.046" endtime="20240914 13:27:41.046"/>
</kw>
<status status="NOT RUN" starttime="20240914 13:27:41.046" endtime="20240914 13:27:41.046"/>
</branch>
<status status="PASS" starttime="20240914 13:27:41.008" endtime="20240914 13:27:41.046"/>
</if>
<status status="PASS" starttime="20240914 13:27:40.970" endtime="20240914 13:27:41.046"/>
</iter>
<iter>
<var name="${index}">2</var>
<kw name="Replace String" library="String">
<var>${productList}</var>
<arg>${itemName_onCart.txt}</arg>
<arg>+ PRODUCT +</arg>
<arg>${nameProduct[${index}]}</arg>
<doc>Replaces ``search_for`` in the given ``string`` with ``replace_with``.</doc>
<msg timestamp="20240914 13:27:41.047" level="INFO">${productList} = //div[@class="inventory_item_name" and (.="Sauce Labs Backpack")]</msg>
<status status="PASS" starttime="20240914 13:27:41.046" endtime="20240914 13:27:41.047"/>
</kw>
<kw name="Run Keyword And Return Status" library="BuiltIn">
<var>${status_productList}</var>
<arg>common.Element visible when ready</arg>
<arg>${productList}</arg>
<doc>Runs the given keyword with given arguments and returns the status as a Boolean value.</doc>
<kw name="Element visible when ready" library="common">
<arg>${productList}</arg>
<kw name="Wait Until Element Is Visible" library="SeleniumLibrary">
<arg>${locator}</arg>
<arg>${time}</arg>
<doc>Waits until the element ``locator`` is visible.</doc>
<status status="PASS" starttime="20240914 13:27:41.048" endtime="20240914 13:27:41.063"/>
</kw>
<kw name="Element Should Be Visible" library="SeleniumLibrary">
<arg>${locator}</arg>
<doc>Verifies that the element identified by ``locator`` is visible.</doc>
<msg timestamp="20240914 13:27:41.078" level="INFO">Element '//div[@class="inventory_item_name" and (.="Sauce Labs Backpack")]' is displayed.</msg>
<status status="PASS" starttime="20240914 13:27:41.063" endtime="20240914 13:27:41.078"/>
</kw>
<status status="PASS" starttime="20240914 13:27:41.047" endtime="20240914 13:27:41.079"/>
</kw>
<msg timestamp="20240914 13:27:41.079" level="INFO">${status_productList} = True</msg>
<status status="PASS" starttime="20240914 13:27:41.047" endtime="20240914 13:27:41.079"/>
</kw>
<if>
<branch type="IF" condition="&quot;${status_productList}&quot;==&quot;True&quot;">
<kw name="Get text when ready" library="common">
<var>${productCart}</var>
<arg>${productList}</arg>
<kw name="Wait Until Element Is Visible" library="SeleniumLibrary">
<arg>${locator}</arg>
<arg>${time}</arg>
<doc>Waits until the element ``locator`` is visible.</doc>
<status status="PASS" starttime="20240914 13:27:41.080" endtime="20240914 13:27:41.097"/>
</kw>
<kw name="Get Text" library="SeleniumLibrary">
<var>${getText}</var>
<arg>${locator}</arg>
<doc>Returns the text value of the element identified by ``locator``.</doc>
<msg timestamp="20240914 13:27:41.108" level="INFO">${getText} = Sauce Labs Backpack</msg>
<status status="PASS" starttime="20240914 13:27:41.097" endtime="20240914 13:27:41.108"/>
</kw>
<return>
<value>${getText}</value>
<status status="PASS" starttime="20240914 13:27:41.109" endtime="20240914 13:27:41.109"/>
</return>
<msg timestamp="20240914 13:27:41.109" level="INFO">${productCart} = Sauce Labs Backpack</msg>
<status status="PASS" starttime="20240914 13:27:41.079" endtime="20240914 13:27:41.109"/>
</kw>
<kw name="Should Be Equal" library="BuiltIn">
<arg>${productCart}</arg>
<arg>${nameProduct[${index}]}</arg>
<doc>Fails if the given objects are unequal.</doc>
<status status="PASS" starttime="20240914 13:27:41.109" endtime="20240914 13:27:41.110"/>
</kw>
<kw name="Append To List" library="Collections">
<arg>${productList_cart}</arg>
<arg>${nameProduct[${index}]}</arg>
<doc>Adds ``values`` to the end of ``list``.</doc>
<status status="PASS" starttime="20240914 13:27:41.110" endtime="20240914 13:27:41.111"/>
</kw>
<status status="PASS" starttime="20240914 13:27:41.079" endtime="20240914 13:27:41.111"/>
</branch>
<branch type="ELSE">
<kw name="Log" library="BuiltIn">
<arg>"Products May Be Removed From Cart - ${nameProduct[${index}]}"</arg>
<arg>WARN</arg>
<doc>Logs the given message with the given level.</doc>
<status status="NOT RUN" starttime="20240914 13:27:41.111" endtime="20240914 13:27:41.111"/>
</kw>
<status status="NOT RUN" starttime="20240914 13:27:41.111" endtime="20240914 13:27:41.111"/>
</branch>
<status status="PASS" starttime="20240914 13:27:41.079" endtime="20240914 13:27:41.111"/>
</if>
<status status="PASS" starttime="20240914 13:27:41.046" endtime="20240914 13:27:41.111"/>
</iter>
<status status="PASS" starttime="20240914 13:27:40.890" endtime="20240914 13:27:41.111"/>
</for>
<status status="PASS" starttime="20240914 13:27:40.888" endtime="20240914 13:27:41.111"/>
</kw>
<kw name="Set Suite Variable" library="BuiltIn">
<arg>${LIST_UPDATE_PRODUCT}</arg>
<arg>${listActive}</arg>
<doc>Makes a variable available everywhere within the scope of the current suite.</doc>
<msg timestamp="20240914 13:27:41.111" level="INFO">${LIST_UPDATE_PRODUCT} = ['Test.allTheThings() T-Shirt (Red)', 'Sauce Labs Bike Light', 'Sauce Labs Backpack']</msg>
<status status="PASS" starttime="20240914 13:27:41.111" endtime="20240914 13:27:41.112"/>
</kw>
<status status="PASS" starttime="20240914 13:27:39.612" endtime="20240914 13:27:41.112"/>
</test>
<test id="s1-s2-t3" name="TC_1.3 Remove Product on Cart and Verify Remove" line="19">
<kw name="Click button remove product" library="index_page">
<arg>${TC_1.data3.removeProduct}</arg>
<kw name="Get Length" library="BuiltIn">
<var>${rengeRemove}</var>
<arg>${removeProduct}</arg>
<doc>Returns and logs the length of the given item as an integer.</doc>
<msg timestamp="20240914 13:27:41.113" level="INFO">Length is 1</msg>
<msg timestamp="20240914 13:27:41.113" level="INFO">${rengeRemove} = 1</msg>
<status status="PASS" starttime="20240914 13:27:41.113" endtime="20240914 13:27:41.113"/>
</kw>
<for flavor="IN RANGE">
<var>${index}</var>
<value>${rengeRemove}</value>
<iter>
<var name="${index}">0</var>
<kw name="Replace String" library="String">
<var>${remove}</var>
<arg>${removeCart.btn}</arg>
<arg>+ PRODUCT +</arg>
<arg>${removeProduct[${index}]}</arg>
<doc>Replaces ``search_for`` in the given ``string`` with ``replace_with``.</doc>
<msg timestamp="20240914 13:27:41.114" level="INFO">${remove} = //div[@class="inventory_item_name" and (.="Sauce Labs Backpack")]/parent::a/following-sibling::div//button</msg>
<status status="PASS" starttime="20240914 13:27:41.113" endtime="20240914 13:27:41.114"/>
</kw>
<kw name="Scroll Element Into View" library="SeleniumLibrary">
<arg>${remove}</arg>
<doc>Scrolls the element identified by ``locator`` into view.</doc>
<status status="PASS" starttime="20240914 13:27:41.114" endtime="20240914 13:27:41.393"/>
</kw>
<kw name="Click element when ready" library="common">
<arg>${remove}</arg>
<kw name="Wait Until Element Is Visible" library="SeleniumLibrary">
<arg>${locator}</arg>
<arg>${time}</arg>
<doc>Waits until the element ``locator`` is visible.</doc>
<status status="PASS" starttime="20240914 13:27:41.394" endtime="20240914 13:27:41.414"/>
</kw>
<kw name="Click Element" library="SeleniumLibrary">
<arg>${locator}</arg>
<doc>Click the element identified by ``locator``.</doc>
<msg timestamp="20240914 13:27:41.414" level="INFO">Clicking element '//div[@class="inventory_item_name" and (.="Sauce Labs Backpack")]/parent::a/following-sibling::div//button'.</msg>
<status status="PASS" starttime="20240914 13:27:41.414" endtime="20240914 13:27:41.456"/>
</kw>
<status status="PASS" starttime="20240914 13:27:41.393" endtime="20240914 13:27:41.456"/>
</kw>
<status status="PASS" starttime="20240914 13:27:41.113" endtime="20240914 13:27:41.456"/>
</iter>
<status status="PASS" starttime="20240914 13:27:41.113" endtime="20240914 13:27:41.456"/>
</for>
<status status="PASS" starttime="20240914 13:27:41.112" endtime="20240914 13:27:41.456"/>
</kw>
<kw name="Verify product on cart" library="index_page">
<var>${listCart}</var>
<arg>${LIST_UPDATE_PRODUCT}</arg>
<kw name="Get Length" library="BuiltIn">
<var>${renge}</var>
<arg>${nameProduct}</arg>
<doc>Returns and logs the length of the given item as an integer.</doc>
<msg timestamp="20240914 13:27:41.458" level="INFO">Length is 3</msg>
<msg timestamp="20240914 13:27:41.458" level="INFO">${renge} = 3</msg>
<status status="PASS" starttime="20240914 13:27:41.458" endtime="20240914 13:27:41.458"/>
</kw>
<kw name="Create List" library="BuiltIn">
<var>${productList_cart}</var>
<doc>Returns a list containing given items.</doc>
<msg timestamp="20240914 13:27:41.459" level="INFO">${productList_cart} = []</msg>
<status status="PASS" starttime="20240914 13:27:41.459" endtime="20240914 13:27:41.459"/>
</kw>
<for flavor="IN RANGE">
<var>${index}</var>
<value>${renge}</value>
<iter>
<var name="${index}">0</var>
<kw name="Replace String" library="String">
<var>${productList}</var>
<arg>${itemName_onCart.txt}</arg>
<arg>+ PRODUCT +</arg>
<arg>${nameProduct[${index}]}</arg>
<doc>Replaces ``search_for`` in the given ``string`` with ``replace_with``.</doc>
<msg timestamp="20240914 13:27:41.460" level="INFO">${productList} = //div[@class="inventory_item_name" and (.="Test.allTheThings() T-Shirt (Red)")]</msg>
<status status="PASS" starttime="20240914 13:27:41.459" endtime="20240914 13:27:41.460"/>
</kw>
<kw name="Run Keyword And Return Status" library="BuiltIn">
<var>${status_productList}</var>
<arg>common.Element visible when ready</arg>
<arg>${productList}</arg>
<doc>Runs the given keyword with given arguments and returns the status as a Boolean value.</doc>
<kw name="Element visible when ready" library="common">
<arg>${productList}</arg>
<kw name="Wait Until Element Is Visible" library="SeleniumLibrary">
<arg>${locator}</arg>
<arg>${time}</arg>
<doc>Waits until the element ``locator`` is visible.</doc>
<status status="PASS" starttime="20240914 13:27:41.462" endtime="20240914 13:27:41.489"/>
</kw>
<kw name="Element Should Be Visible" library="SeleniumLibrary">
<arg>${locator}</arg>
<doc>Verifies that the element identified by ``locator`` is visible.</doc>
<msg timestamp="20240914 13:27:41.505" level="INFO">Element '//div[@class="inventory_item_name" and (.="Test.allTheThings() T-Shirt (Red)")]' is displayed.</msg>
<status status="PASS" starttime="20240914 13:27:41.489" endtime="20240914 13:27:41.505"/>
</kw>
<status status="PASS" starttime="20240914 13:27:41.461" endtime="20240914 13:27:41.506"/>
</kw>
<msg timestamp="20240914 13:27:41.506" level="INFO">${status_productList} = True</msg>
<status status="PASS" starttime="20240914 13:27:41.460" endtime="20240914 13:27:41.506"/>
</kw>
<if>
<branch type="IF" condition="&quot;${status_productList}&quot;==&quot;True&quot;">
<kw name="Get text when ready" library="common">
<var>${productCart}</var>
<arg>${productList}</arg>
<kw name="Wait Until Element Is Visible" library="SeleniumLibrary">
<arg>${locator}</arg>
<arg>${time}</arg>
<doc>Waits until the element ``locator`` is visible.</doc>
<status status="PASS" starttime="20240914 13:27:41.507" endtime="20240914 13:27:41.520"/>
</kw>
<kw name="Get Text" library="SeleniumLibrary">
<var>${getText}</var>
<arg>${locator}</arg>
<doc>Returns the text value of the element identified by ``locator``.</doc>
<msg timestamp="20240914 13:27:41.543" level="INFO">${getText} = Test.allTheThings() T-Shirt (Red)</msg>
<status status="PASS" starttime="20240914 13:27:41.520" endtime="20240914 13:27:41.543"/>
</kw>
<return>
<value>${getText}</value>
<status status="PASS" starttime="20240914 13:27:41.543" endtime="20240914 13:27:41.543"/>
</return>
<msg timestamp="20240914 13:27:41.544" level="INFO">${productCart} = Test.allTheThings() T-Shirt (Red)</msg>
<status status="PASS" starttime="20240914 13:27:41.506" endtime="20240914 13:27:41.544"/>
</kw>
<kw name="Should Be Equal" library="BuiltIn">
<arg>${productCart}</arg>
<arg>${nameProduct[${index}]}</arg>
<doc>Fails if the given objects are unequal.</doc>
<status status="PASS" starttime="20240914 13:27:41.544" endtime="20240914 13:27:41.544"/>
</kw>
<kw name="Append To List" library="Collections">
<arg>${productList_cart}</arg>
<arg>${nameProduct[${index}]}</arg>
<doc>Adds ``values`` to the end of ``list``.</doc>
<status status="PASS" starttime="20240914 13:27:41.545" endtime="20240914 13:27:41.545"/>
</kw>
<status status="PASS" starttime="20240914 13:27:41.506" endtime="20240914 13:27:41.545"/>
</branch>
<branch type="ELSE">
<kw name="Log" library="BuiltIn">
<arg>"Products May Be Removed From Cart - ${nameProduct[${index}]}"</arg>
<arg>WARN</arg>
<doc>Logs the given message with the given level.</doc>
<status status="NOT RUN" starttime="20240914 13:27:41.545" endtime="20240914 13:27:41.545"/>
</kw>
<status status="NOT RUN" starttime="20240914 13:27:41.545" endtime="20240914 13:27:41.545"/>
</branch>
<status status="PASS" starttime="20240914 13:27:41.506" endtime="20240914 13:27:41.545"/>
</if>
<status status="PASS" starttime="20240914 13:27:41.459" endtime="20240914 13:27:41.545"/>
</iter>
<iter>
<var name="${index}">1</var>
<kw name="Replace String" library="String">
<var>${productList}</var>
<arg>${itemName_onCart.txt}</arg>
<arg>+ PRODUCT +</arg>
<arg>${nameProduct[${index}]}</arg>
<doc>Replaces ``search_for`` in the given ``string`` with ``replace_with``.</doc>
<msg timestamp="20240914 13:27:41.546" level="INFO">${productList} = //div[@class="inventory_item_name" and (.="Sauce Labs Bike Light")]</msg>
<status status="PASS" starttime="20240914 13:27:41.546" endtime="20240914 13:27:41.546"/>
</kw>
<kw name="Run Keyword And Return Status" library="BuiltIn">
<var>${status_productList}</var>
<arg>common.Element visible when ready</arg>
<arg>${productList}</arg>
<doc>Runs the given keyword with given arguments and returns the status as a Boolean value.</doc>
<kw name="Element visible when ready" library="common">
<arg>${productList}</arg>
<kw name="Wait Until Element Is Visible" library="SeleniumLibrary">
<arg>${locator}</arg>
<arg>${time}</arg>
<doc>Waits until the element ``locator`` is visible.</doc>
<status status="PASS" starttime="20240914 13:27:41.547" endtime="20240914 13:27:41.563"/>
</kw>
<kw name="Element Should Be Visible" library="SeleniumLibrary">
<arg>${locator}</arg>
<doc>Verifies that the element identified by ``locator`` is visible.</doc>
<msg timestamp="20240914 13:27:41.582" level="INFO">Element '//div[@class="inventory_item_name" and (.="Sauce Labs Bike Light")]' is displayed.</msg>
<status status="PASS" starttime="20240914 13:27:41.563" endtime="20240914 13:27:41.582"/>
</kw>
<status status="PASS" starttime="20240914 13:27:41.547" endtime="20240914 13:27:41.582"/>
</kw>
<msg timestamp="20240914 13:27:41.582" level="INFO">${status_productList} = True</msg>
<status status="PASS" starttime="20240914 13:27:41.547" endtime="20240914 13:27:41.582"/>
</kw>
<if>
<branch type="IF" condition="&quot;${status_productList}&quot;==&quot;True&quot;">
<kw name="Get text when ready" library="common">
<var>${productCart}</var>
<arg>${productList}</arg>
<kw name="Wait Until Element Is Visible" library="SeleniumLibrary">
<arg>${locator}</arg>
<arg>${time}</arg>
<doc>Waits until the element ``locator`` is visible.</doc>
<status status="PASS" starttime="20240914 13:27:41.584" endtime="20240914 13:27:41.608"/>
</kw>
<kw name="Get Text" library="SeleniumLibrary">
<var>${getText}</var>
<arg>${locator}</arg>
<doc>Returns the text value of the element identified by ``locator``.</doc>
<msg timestamp="20240914 13:27:41.636" level="INFO">${getText} = Sauce Labs Bike Light</msg>
<status status="PASS" starttime="20240914 13:27:41.608" endtime="20240914 13:27:41.636"/>
</kw>
<return>
<value>${getText}</value>
<status status="PASS" starttime="20240914 13:27:41.636" endtime="20240914 13:27:41.636"/>
</return>
<msg timestamp="20240914 13:27:41.636" level="INFO">${productCart} = Sauce Labs Bike Light</msg>
<status status="PASS" starttime="20240914 13:27:41.583" endtime="20240914 13:27:41.636"/>
</kw>
<kw name="Should Be Equal" library="BuiltIn">
<arg>${productCart}</arg>
<arg>${nameProduct[${index}]}</arg>
<doc>Fails if the given objects are unequal.</doc>
<status status="PASS" starttime="20240914 13:27:41.637" endtime="20240914 13:27:41.638"/>
</kw>
<kw name="Append To List" library="Collections">
<arg>${productList_cart}</arg>
<arg>${nameProduct[${index}]}</arg>
<doc>Adds ``values`` to the end of ``list``.</doc>
<status status="PASS" starttime="20240914 13:27:41.639" endtime="20240914 13:27:41.640"/>
</kw>
<status status="PASS" starttime="20240914 13:27:41.583" endtime="20240914 13:27:41.640"/>
</branch>
<branch type="ELSE">
<kw name="Log" library="BuiltIn">
<arg>"Products May Be Removed From Cart - ${nameProduct[${index}]}"</arg>
<arg>WARN</arg>
<doc>Logs the given message with the given level.</doc>
<status status="NOT RUN" starttime="20240914 13:27:41.640" endtime="20240914 13:27:41.640"/>
</kw>
<status status="NOT RUN" starttime="20240914 13:27:41.640" endtime="20240914 13:27:41.640"/>
</branch>
<status status="PASS" starttime="20240914 13:27:41.583" endtime="20240914 13:27:41.640"/>
</if>
<status status="PASS" starttime="20240914 13:27:41.546" endtime="20240914 13:27:41.640"/>
</iter>
<iter>
<var name="${index}">2</var>
<kw name="Replace String" library="String">
<var>${productList}</var>
<arg>${itemName_onCart.txt}</arg>
<arg>+ PRODUCT +</arg>
<arg>${nameProduct[${index}]}</arg>
<doc>Replaces ``search_for`` in the given ``string`` with ``replace_with``.</doc>
<msg timestamp="20240914 13:27:41.644" level="INFO">${productList} = //div[@class="inventory_item_name" and (.="Sauce Labs Backpack")]</msg>
<status status="PASS" starttime="20240914 13:27:41.642" endtime="20240914 13:27:41.644"/>
</kw>
<kw name="Run Keyword And Return Status" library="BuiltIn">
<var>${status_productList}</var>
<arg>common.Element visible when ready</arg>
<arg>${productList}</arg>
<doc>Runs the given keyword with given arguments and returns the status as a Boolean value.</doc>
<kw name="Element visible when ready" library="common">
<arg>${productList}</arg>
<kw name="Wait Until Element Is Visible" library="SeleniumLibrary">
<arg>${locator}</arg>
<arg>${time}</arg>
<doc>Waits until the element ``locator`` is visible.</doc>
<msg timestamp="20240914 13:27:44.799" level="INFO" html="true">&lt;/td&gt;&lt;/tr&gt;&lt;tr&gt;&lt;td colspan="3"&gt;&lt;a href="selenium-screenshot-2.png"&gt;&lt;img src="selenium-screenshot-2.png" width="800px"&gt;&lt;/a&gt;</msg>
<msg timestamp="20240914 13:27:44.799" level="FAIL">Element '//div[@class="inventory_item_name" and (.="Sauce Labs Backpack")]' not visible after 3 seconds.</msg>
<status status="FAIL" starttime="20240914 13:27:41.645" endtime="20240914 13:27:44.803"/>
</kw>
<kw name="Element Should Be Visible" library="SeleniumLibrary">
<arg>${locator}</arg>
<doc>Verifies that the element identified by ``locator`` is visible.</doc>
<status status="NOT RUN" starttime="20240914 13:27:44.804" endtime="20240914 13:27:44.804"/>
</kw>
<status status="FAIL" starttime="20240914 13:27:41.644" endtime="20240914 13:27:44.804"/>
</kw>
<msg timestamp="20240914 13:27:44.804" level="INFO">${status_productList} = False</msg>
<status status="PASS" starttime="20240914 13:27:41.644" endtime="20240914 13:27:44.804"/>
</kw>
<if>
<branch type="IF" condition="&quot;${status_productList}&quot;==&quot;True&quot;">
<kw name="Get text when ready" library="common">
<var>${productCart}</var>
<arg>${productList}</arg>
<status status="NOT RUN" starttime="20240914 13:27:44.804" endtime="20240914 13:27:44.804"/>
</kw>
<kw name="Should Be Equal" library="BuiltIn">
<arg>${productCart}</arg>
<arg>${nameProduct[${index}]}</arg>
<doc>Fails if the given objects are unequal.</doc>
<status status="NOT RUN" starttime="20240914 13:27:44.804" endtime="20240914 13:27:44.804"/>
</kw>
<kw name="Append To List" library="Collections">
<arg>${productList_cart}</arg>
<arg>${nameProduct[${index}]}</arg>
<doc>Adds ``values`` to the end of ``list``.</doc>
<status status="NOT RUN" starttime="20240914 13:27:44.804" endtime="20240914 13:27:44.804"/>
</kw>
<status status="NOT RUN" starttime="20240914 13:27:44.804" endtime="20240914 13:27:44.804"/>
</branch>
<branch type="ELSE">
<kw name="Log" library="BuiltIn">
<arg>"Products May Be Removed From Cart - ${nameProduct[${index}]}"</arg>
<arg>WARN</arg>
<doc>Logs the given message with the given level.</doc>
<msg timestamp="20240914 13:27:44.806" level="WARN">"Products May Be Removed From Cart - Sauce Labs Backpack"</msg>
<status status="PASS" starttime="20240914 13:27:44.805" endtime="20240914 13:27:44.806"/>
</kw>
<status status="PASS" starttime="20240914 13:27:44.804" endtime="20240914 13:27:44.806"/>
</branch>
<status status="PASS" starttime="20240914 13:27:44.804" endtime="20240914 13:27:44.806"/>
</if>
<status status="PASS" starttime="20240914 13:27:41.640" endtime="20240914 13:27:44.806"/>
</iter>
<status status="PASS" starttime="20240914 13:27:41.459" endtime="20240914 13:27:44.806"/>
</for>
<msg timestamp="20240914 13:27:44.807" level="INFO">${listCart} = ['Test.allTheThings() T-Shirt (Red)', 'Sauce Labs Bike Light']</msg>
<status status="PASS" starttime="20240914 13:27:41.457" endtime="20240914 13:27:44.807"/>
</kw>
<kw name="Set Suite Variable" library="BuiltIn">
<arg>${LIST_UPDATE_CART}</arg>
<arg>${listCart}</arg>
<doc>Makes a variable available everywhere within the scope of the current suite.</doc>
<msg timestamp="20240914 13:27:44.807" level="INFO">${LIST_UPDATE_CART} = ['Test.allTheThings() T-Shirt (Red)', 'Sauce Labs Bike Light']</msg>
<status status="PASS" starttime="20240914 13:27:44.807" endtime="20240914 13:27:44.807"/>
</kw>
<status status="PASS" starttime="20240914 13:27:41.112" endtime="20240914 13:27:44.807"/>
</test>
<test id="s1-s2-t4" name="TC_1.4 Checkout Order and Fill in Information" line="24">
<kw name="Click button checkout" library="index_page">
<kw name="Click element when ready" library="common">
<arg>${checkOut.btn}</arg>
<kw name="Wait Until Element Is Visible" library="SeleniumLibrary">
<arg>${locator}</arg>
<arg>${time}</arg>
<doc>Waits until the element ``locator`` is visible.</doc>
<status status="PASS" starttime="20240914 13:27:44.809" endtime="20240914 13:27:44.835"/>
</kw>
<kw name="Click Element" library="SeleniumLibrary">
<arg>${locator}</arg>
<doc>Click the element identified by ``locator``.</doc>
<msg timestamp="20240914 13:27:44.836" level="INFO">Clicking element 'id=checkout'.</msg>
<status status="PASS" starttime="20240914 13:27:44.835" endtime="20240914 13:27:44.875"/>
</kw>
<status status="PASS" starttime="20240914 13:27:44.808" endtime="20240914 13:27:44.875"/>
</kw>
<status status="PASS" starttime="20240914 13:27:44.808" endtime="20240914 13:27:44.875"/>
</kw>
<kw name="Input first name" library="index_page">
<arg>${TC_1.data4.firstName}</arg>
<kw name="Input text when ready" library="common">
<arg>${firstName.input}</arg>
<arg>${firstName}</arg>
<kw name="Wait Until Element Is Visible" library="SeleniumLibrary">
<arg>${locator}</arg>
<arg>${time}</arg>
<doc>Waits until the element ``locator`` is visible.</doc>
<status status="PASS" starttime="20240914 13:27:44.879" endtime="20240914 13:27:44.903"/>
</kw>
<kw name="Input Text" library="SeleniumLibrary">
<arg>${locator}</arg>
<arg>${textInput}</arg>
<doc>Types the given ``text`` into the text field identified by ``locator``.</doc>
<msg timestamp="20240914 13:27:44.904" level="INFO">Typing text 'Supuck' into text field 'id=first-name'.</msg>
<status status="PASS" starttime="20240914 13:27:44.904" endtime="20240914 13:27:45.018"/>
</kw>
<status status="PASS" starttime="20240914 13:27:44.877" endtime="20240914 13:27:45.018"/>
</kw>
<status status="PASS" starttime="20240914 13:27:44.876" endtime="20240914 13:27:45.018"/>
</kw>
<kw name="Input last name" library="index_page">
<arg>${TC_1.data4.lastName}</arg>
<kw name="Input text when ready" library="common">
<arg>${lastName.input}</arg>
<arg>${lastName}</arg>
<kw name="Wait Until Element Is Visible" library="SeleniumLibrary">
<arg>${locator}</arg>
<arg>${time}</arg>
<doc>Waits until the element ``locator`` is visible.</doc>
<status status="PASS" starttime="20240914 13:27:45.025" endtime="20240914 13:27:45.055"/>
</kw>
<kw name="Input Text" library="SeleniumLibrary">
<arg>${locator}</arg>
<arg>${textInput}</arg>
<doc>Types the given ``text`` into the text field identified by ``locator``.</doc>
<msg timestamp="20240914 13:27:45.056" level="INFO">Typing text 'TK' into text field 'id=last-name'.</msg>
<status status="PASS" starttime="20240914 13:27:45.055" endtime="20240914 13:27:45.148"/>
</kw>
<status status="PASS" starttime="20240914 13:27:45.022" endtime="20240914 13:27:45.148"/>
</kw>
<status status="PASS" starttime="20240914 13:27:45.018" endtime="20240914 13:27:45.148"/>
</kw>
<kw name="Input zip code" library="index_page">
<arg>${TC_1.data4.zipCode}</arg>
<kw name="Input text when ready" library="common">
<arg>${zipCode.input}</arg>
<arg>${zipCode}</arg>
<kw name="Wait Until Element Is Visible" library="SeleniumLibrary">
<arg>${locator}</arg>
<arg>${time}</arg>
<doc>Waits until the element ``locator`` is visible.</doc>
<status status="PASS" starttime="20240914 13:27:45.151" endtime="20240914 13:27:45.173"/>
</kw>
<kw name="Input Text" library="SeleniumLibrary">
<arg>${locator}</arg>
<arg>${textInput}</arg>
<doc>Types the given ``text`` into the text field identified by ``locator``.</doc>
<msg timestamp="20240914 13:27:45.174" level="INFO">Typing text '10500' into text field 'id=postal-code'.</msg>
<status status="PASS" starttime="20240914 13:27:45.173" endtime="20240914 13:27:45.253"/>
</kw>
<status status="PASS" starttime="20240914 13:27:45.150" endtime="20240914 13:27:45.253"/>
</kw>
<status status="PASS" starttime="20240914 13:27:45.149" endtime="20240914 13:27:45.254"/>
</kw>
<kw name="Click button continue" library="index_page">
<kw name="Click element when ready" library="common">
<arg>${continue.btn}</arg>
<kw name="Wait Until Element Is Visible" library="SeleniumLibrary">
<arg>${locator}</arg>
<arg>${time}</arg>
<doc>Waits until the element ``locator`` is visible.</doc>
<status status="PASS" starttime="20240914 13:27:45.258" endtime="20240914 13:27:45.288"/>
</kw>
<kw name="Click Element" library="SeleniumLibrary">
<arg>${locator}</arg>
<doc>Click the element identified by ``locator``.</doc>
<msg timestamp="20240914 13:27:45.289" level="INFO">Clicking element 'id=continue'.</msg>
<status status="PASS" starttime="20240914 13:27:45.288" endtime="20240914 13:27:45.350"/>
</kw>
<status status="PASS" starttime="20240914 13:27:45.254" endtime="20240914 13:27:45.350"/>
</kw>
<status status="PASS" starttime="20240914 13:27:45.254" endtime="20240914 13:27:45.350"/>
</kw>
<status status="PASS" starttime="20240914 13:27:44.808" endtime="20240914 13:27:45.350"/>
</test>
<test id="s1-s2-t5" name="TC_1.5 Calculate Total and Verify Total" line="31">
<kw name="Calculate price" library="index_page">
<var>${total_cal}</var>
<arg>${LIST_UPDATE_CART}</arg>
<kw name="Get Length" library="BuiltIn">
<var>${range}</var>
<arg>${orderList}</arg>
<doc>Returns and logs the length of the given item as an integer.</doc>
<msg timestamp="20240914 13:27:45.352" level="INFO">Length is 2</msg>
<msg timestamp="20240914 13:27:45.352" level="INFO">${range} = 2</msg>
<status status="PASS" starttime="20240914 13:27:45.351" endtime="20240914 13:27:45.352"/>
</kw>
<kw name="Create List" library="BuiltIn">
<var>${price_list}</var>
<doc>Returns a list containing given items.</doc>
<msg timestamp="20240914 13:27:45.352" level="INFO">${price_list} = []</msg>
<status status="PASS" starttime="20240914 13:27:45.352" endtime="20240914 13:27:45.352"/>
</kw>
<for flavor="IN RANGE">
<var>${index}</var>
<value>${range}</value>
<iter>
<var name="${index}">0</var>
<kw name="Replace String" library="String">
<var>${price}</var>
<arg>${itemPrice_onCart.txt}</arg>
<arg>+ PRODUCT +</arg>
<arg>${orderList[${index}]}</arg>
<doc>Replaces ``search_for`` in the given ``string`` with ``replace_with``.</doc>
<msg timestamp="20240914 13:27:45.354" level="INFO">${price} = //div[@class="inventory_item_name" and (.="Test.allTheThings() T-Shirt (Red)")]/parent::a/following-sibling::div//div[@class="inventory_item_price"]</msg>
<status status="PASS" starttime="20240914 13:27:45.353" endtime="20240914 13:27:45.354"/>
</kw>
<kw name="Get text when ready" library="common">
<var>${priceCurrent}</var>
<arg>${price}</arg>
<kw name="Wait Until Element Is Visible" library="SeleniumLibrary">
<arg>${locator}</arg>
<arg>${time}</arg>
<doc>Waits until the element ``locator`` is visible.</doc>
<status status="PASS" starttime="20240914 13:27:45.356" endtime="20240914 13:27:45.404"/>
</kw>
<kw name="Get Text" library="SeleniumLibrary">
<var>${getText}</var>
<arg>${locator}</arg>
<doc>Returns the text value of the element identified by ``locator``.</doc>
<msg timestamp="20240914 13:27:45.417" level="INFO">${getText} = $15.99</msg>
<status status="PASS" starttime="20240914 13:27:45.405" endtime="20240914 13:27:45.417"/>
</kw>
<return>
<value>${getText}</value>
<status status="PASS" starttime="20240914 13:27:45.417" endtime="20240914 13:27:45.417"/>
</return>
<msg timestamp="20240914 13:27:45.418" level="INFO">${priceCurrent} = $15.99</msg>
<status status="PASS" starttime="20240914 13:27:45.354" endtime="20240914 13:27:45.418"/>
</kw>
<kw name="Remove String" library="String">
<var>${priceList_clean}</var>
<arg>${priceCurrent}</arg>
<arg>$</arg>
<doc>Removes all ``removables`` from the given ``string``.</doc>
<msg timestamp="20240914 13:27:45.419" level="INFO">${priceList_clean} = 15.99</msg>
<status status="PASS" starttime="20240914 13:27:45.418" endtime="20240914 13:27:45.419"/>
</kw>
<kw name="Convert To Number" library="BuiltIn">
<var>${priceList_num}</var>
<arg>${priceList_clean}</arg>
<doc>Converts the given item to a floating point number.</doc>
<msg timestamp="20240914 13:27:45.420" level="INFO">${priceList_num} = 15.99</msg>
<status status="PASS" starttime="20240914 13:27:45.419" endtime="20240914 13:27:45.420"/>
</kw>
<kw name="Append To List" library="Collections">
<arg>${price_list}</arg>
<arg>${priceList_num}</arg>
<doc>Adds ``values`` to the end of ``list``.</doc>
<status status="PASS" starttime="20240914 13:27:45.420" endtime="20240914 13:27:45.420"/>
</kw>
<status status="PASS" starttime="20240914 13:27:45.352" endtime="20240914 13:27:45.420"/>
</iter>
<iter>
<var name="${index}">1</var>
<kw name="Replace String" library="String">
<var>${price}</var>
<arg>${itemPrice_onCart.txt}</arg>
<arg>+ PRODUCT +</arg>
<arg>${orderList[${index}]}</arg>
<doc>Replaces ``search_for`` in the given ``string`` with ``replace_with``.</doc>
<msg timestamp="20240914 13:27:45.422" level="INFO">${price} = //div[@class="inventory_item_name" and (.="Sauce Labs Bike Light")]/parent::a/following-sibling::div//div[@class="inventory_item_price"]</msg>
<status status="PASS" starttime="20240914 13:27:45.421" endtime="20240914 13:27:45.422"/>
</kw>
<kw name="Get text when ready" library="common">
<var>${priceCurrent}</var>
<arg>${price}</arg>
<kw name="Wait Until Element Is Visible" library="SeleniumLibrary">
<arg>${locator}</arg>
<arg>${time}</arg>
<doc>Waits until the element ``locator`` is visible.</doc>
<status status="PASS" starttime="20240914 13:27:45.424" endtime="20240914 13:27:45.446"/>
</kw>
<kw name="Get Text" library="SeleniumLibrary">
<var>${getText}</var>
<arg>${locator}</arg>
<doc>Returns the text value of the element identified by ``locator``.</doc>
<msg timestamp="20240914 13:27:45.461" level="INFO">${getText} = $9.99</msg>
<status status="PASS" starttime="20240914 13:27:45.447" endtime="20240914 13:27:45.461"/>
</kw>
<return>
<value>${getText}</value>
<status status="PASS" starttime="20240914 13:27:45.461" endtime="20240914 13:27:45.461"/>
</return>
<msg timestamp="20240914 13:27:45.461" level="INFO">${priceCurrent} = $9.99</msg>
<status status="PASS" starttime="20240914 13:27:45.422" endtime="20240914 13:27:45.461"/>
</kw>
<kw name="Remove String" library="String">
<var>${priceList_clean}</var>
<arg>${priceCurrent}</arg>
<arg>$</arg>
<doc>Removes all ``removables`` from the given ``string``.</doc>
<msg timestamp="20240914 13:27:45.462" level="INFO">${priceList_clean} = 9.99</msg>
<status status="PASS" starttime="20240914 13:27:45.461" endtime="20240914 13:27:45.462"/>
</kw>
<kw name="Convert To Number" library="BuiltIn">
<var>${priceList_num}</var>
<arg>${priceList_clean}</arg>
<doc>Converts the given item to a floating point number.</doc>
<msg timestamp="20240914 13:27:45.462" level="INFO">${priceList_num} = 9.99</msg>
<status status="PASS" starttime="20240914 13:27:45.462" endtime="20240914 13:27:45.462"/>
</kw>
<kw name="Append To List" library="Collections">
<arg>${price_list}</arg>
<arg>${priceList_num}</arg>
<doc>Adds ``values`` to the end of ``list``.</doc>
<status status="PASS" starttime="20240914 13:27:45.462" endtime="20240914 13:27:45.462"/>
</kw>
<status status="PASS" starttime="20240914 13:27:45.420" endtime="20240914 13:27:45.462"/>
</iter>
<status status="PASS" starttime="20240914 13:27:45.352" endtime="20240914 13:27:45.462"/>
</for>
<kw name="Set Variable" library="BuiltIn">
<var>${total_price.num}</var>
<arg>0</arg>
<doc>Returns the given values which can then be assigned to a variables.</doc>
<msg timestamp="20240914 13:27:45.463" level="INFO">${total_price.num} = 0</msg>
<status status="PASS" starttime="20240914 13:27:45.462" endtime="20240914 13:27:45.463"/>
</kw>
<for flavor="IN RANGE">
<var>${index}</var>
<value>${range}</value>
<iter>
<var name="${index}">0</var>
<kw name="Evaluate" library="BuiltIn">
<var>${total_price.num}</var>
<arg>${total_price.num}+${price_list[${index}]}</arg>
<doc>Evaluates the given expression in Python and returns the result.</doc>
<msg timestamp="20240914 13:27:45.466" level="INFO">${total_price.num} = 15.99</msg>
<status status="PASS" starttime="20240914 13:27:45.464" endtime="20240914 13:27:45.466"/>
</kw>
<status status="PASS" starttime="20240914 13:27:45.464" endtime="20240914 13:27:45.466"/>
</iter>
<iter>
<var name="${index}">1</var>
<kw name="Evaluate" library="BuiltIn">
<var>${total_price.num}</var>
<arg>${total_price.num}+${price_list[${index}]}</arg>
<doc>Evaluates the given expression in Python and returns the result.</doc>
<msg timestamp="20240914 13:27:45.468" level="INFO">${total_price.num} = 25.98</msg>
<status status="PASS" starttime="20240914 13:27:45.466" endtime="20240914 13:27:45.468"/>
</kw>
<status status="PASS" starttime="20240914 13:27:45.466" endtime="20240914 13:27:45.468"/>
</iter>
<status status="PASS" starttime="20240914 13:27:45.463" endtime="20240914 13:27:45.468"/>
</for>
<msg timestamp="20240914 13:27:45.468" level="INFO">${total_cal} = 25.98</msg>
<status status="PASS" starttime="20240914 13:27:45.351" endtime="20240914 13:27:45.468"/>
</kw>
<kw name="Verify price tatol" library="index_page">
<arg>${total_cal}</arg>
<kw name="Set Variable" library="BuiltIn">
<var>${tax_cal}</var>
<arg>0</arg>
<doc>Returns the given values which can then be assigned to a variables.</doc>
<msg timestamp="20240914 13:27:45.470" level="INFO">${tax_cal} = 0</msg>
<status status="PASS" starttime="20240914 13:27:45.469" endtime="20240914 13:27:45.470"/>
</kw>
<kw name="Set Variable" library="BuiltIn">
<var>${total_cal}</var>
<arg>0</arg>
<doc>Returns the given values which can then be assigned to a variables.</doc>
<msg timestamp="20240914 13:27:45.470" level="INFO">${total_cal} = 0</msg>
<status status="PASS" starttime="20240914 13:27:45.470" endtime="20240914 13:27:45.470"/>
</kw>
<kw name="Evaluate" library="BuiltIn">
<var>${tax_cal}</var>
<arg>round(((${totalCalculate}*1.08)-${totalCalculate})+0.005, 2)</arg>
<doc>Evaluates the given expression in Python and returns the result.</doc>
<msg timestamp="20240914 13:27:45.471" level="INFO">${tax_cal} = 2.08</msg>
<status status="PASS" starttime="20240914 13:27:45.471" endtime="20240914 13:27:45.471"/>
</kw>
<kw name="Evaluate" library="BuiltIn">
<var>${total_cal}</var>
<arg>round((${totalCalculate}*1.08)+0.005, 2)</arg>
<doc>Evaluates the given expression in Python and returns the result.</doc>
<msg timestamp="20240914 13:27:45.472" level="INFO">${total_cal} = 28.06</msg>
<status status="PASS" starttime="20240914 13:27:45.471" endtime="20240914 13:27:45.472"/>
</kw>
<kw name="Get text when ready" library="common">
<var>${subTotal_expect}</var>
<arg>${subTotal.txt}</arg>
<kw name="Wait Until Element Is Visible" library="SeleniumLibrary">
<arg>${locator}</arg>
<arg>${time}</arg>
<doc>Waits until the element ``locator`` is visible.</doc>
<status status="PASS" starttime="20240914 13:27:45.473" endtime="20240914 13:27:45.499"/>
</kw>
<kw name="Get Text" library="SeleniumLibrary">
<var>${getText}</var>
<arg>${locator}</arg>
<doc>Returns the text value of the element identified by ``locator``.</doc>
<msg timestamp="20240914 13:27:45.511" level="INFO">${getText} = Item total: $25.98</msg>
<status status="PASS" starttime="20240914 13:27:45.499" endtime="20240914 13:27:45.511"/>
</kw>
<return>
<value>${getText}</value>
<status status="PASS" starttime="20240914 13:27:45.511" endtime="20240914 13:27:45.511"/>
</return>
<msg timestamp="20240914 13:27:45.512" level="INFO">${subTotal_expect} = Item total: $25.98</msg>
<status status="PASS" starttime="20240914 13:27:45.472" endtime="20240914 13:27:45.512"/>
</kw>
<kw name="Get text when ready" library="common">
<var>${tax_expect}</var>
<arg>${tax.txt}</arg>
<kw name="Wait Until Element Is Visible" library="SeleniumLibrary">
<arg>${locator}</arg>
<arg>${time}</arg>
<doc>Waits until the element ``locator`` is visible.</doc>
<status status="PASS" starttime="20240914 13:27:45.513" endtime="20240914 13:27:45.534"/>
</kw>
<kw name="Get Text" library="SeleniumLibrary">
<var>${getText}</var>
<arg>${locator}</arg>
<doc>Returns the text value of the element identified by ``locator``.</doc>
<msg timestamp="20240914 13:27:45.551" level="INFO">${getText} = Tax: $2.08</msg>
<status status="PASS" starttime="20240914 13:27:45.534" endtime="20240914 13:27:45.551"/>
</kw>
<return>
<value>${getText}</value>
<status status="PASS" starttime="20240914 13:27:45.551" endtime="20240914 13:27:45.551"/>
</return>
<msg timestamp="20240914 13:27:45.551" level="INFO">${tax_expect} = Tax: $2.08</msg>
<status status="PASS" starttime="20240914 13:27:45.512" endtime="20240914 13:27:45.551"/>
</kw>
<kw name="Get text when ready" library="common">
<var>${total_expect}</var>
<arg>${total.txt}</arg>
<kw name="Wait Until Element Is Visible" library="SeleniumLibrary">
<arg>${locator}</arg>
<arg>${time}</arg>
<doc>Waits until the element ``locator`` is visible.</doc>
<status status="PASS" starttime="20240914 13:27:45.552" endtime="20240914 13:27:45.567"/>
</kw>
<kw name="Get Text" library="SeleniumLibrary">
<var>${getText}</var>
<arg>${locator}</arg>
<doc>Returns the text value of the element identified by ``locator``.</doc>
<msg timestamp="20240914 13:27:45.586" level="INFO">${getText} = Total: $28.06</msg>
<status status="PASS" starttime="20240914 13:27:45.567" endtime="20240914 13:27:45.586"/>
</kw>
<return>
<value>${getText}</value>
<status status="PASS" starttime="20240914 13:27:45.586" endtime="20240914 13:27:45.587"/>
</return>
<msg timestamp="20240914 13:27:45.587" level="INFO">${total_expect} = Total: $28.06</msg>
<status status="PASS" starttime="20240914 13:27:45.551" endtime="20240914 13:27:45.587"/>
</kw>
<kw name="Get Regexp Matches" library="String">
<var>${subTotal_verify}</var>
<arg>${subTotal_expect}</arg>
<arg>\\d+\\.\\d+</arg>
<doc>Returns a list of all non-overlapping matches in the given string.</doc>
<msg timestamp="20240914 13:27:45.588" level="INFO">${subTotal_verify} = ['25.98']</msg>
<status status="PASS" starttime="20240914 13:27:45.587" endtime="20240914 13:27:45.588"/>
</kw>
<kw name="Get Regexp Matches" library="String">
<var>${tax_verify}</var>
<arg>${tax_expect}</arg>
<arg>\\d+\\.\\d+</arg>
<doc>Returns a list of all non-overlapping matches in the given string.</doc>
<msg timestamp="20240914 13:27:45.588" level="INFO">${tax_verify} = ['2.08']</msg>
<status status="PASS" starttime="20240914 13:27:45.588" endtime="20240914 13:27:45.588"/>
</kw>
<kw name="Get Regexp Matches" library="String">
<var>${total_verify}</var>
<arg>${total_expect}</arg>
<arg>\\d+\\.\\d+</arg>
<doc>Returns a list of all non-overlapping matches in the given string.</doc>
<msg timestamp="20240914 13:27:45.589" level="INFO">${total_verify} = ['28.06']</msg>
<status status="PASS" starttime="20240914 13:27:45.588" endtime="20240914 13:27:45.589"/>
</kw>
<kw name="Convert To Number" library="BuiltIn">
<var>${subTotal_verify_num}</var>
<arg>${subTotal_verify[0]}</arg>
<doc>Converts the given item to a floating point number.</doc>
<msg timestamp="20240914 13:27:45.591" level="INFO">${subTotal_verify_num} = 25.98</msg>
<status status="PASS" starttime="20240914 13:27:45.589" endtime="20240914 13:27:45.591"/>
</kw>
<kw name="Convert To Number" library="BuiltIn">
<var>${tax_verify_num}</var>
<arg>${tax_verify[0]}</arg>
<doc>Converts the given item to a floating point number.</doc>
<msg timestamp="20240914 13:27:45.592" level="INFO">${tax_verify_num} = 2.08</msg>
<status status="PASS" starttime="20240914 13:27:45.591" endtime="20240914 13:27:45.592"/>
</kw>
<kw name="Convert To Number" library="BuiltIn">
<var>${total_verify_num}</var>
<arg>${total_verify[0]}</arg>
<doc>Converts the given item to a floating point number.</doc>
<msg timestamp="20240914 13:27:45.593" level="INFO">${total_verify_num} = 28.06</msg>
<status status="PASS" starttime="20240914 13:27:45.592" endtime="20240914 13:27:45.593"/>
</kw>
<kw name="Should Be Equal" library="BuiltIn">
<arg>${subTotal_verify_num}</arg>
<arg>${totalCalculate}</arg>
<doc>Fails if the given objects are unequal.</doc>
<status status="PASS" starttime="20240914 13:27:45.593" endtime="20240914 13:27:45.593"/>
</kw>
<kw name="Should Be Equal" library="BuiltIn">
<arg>${tax_verify_num}</arg>
<arg>${tax_cal}</arg>
<doc>Fails if the given objects are unequal.</doc>
<status status="PASS" starttime="20240914 13:27:45.593" endtime="20240914 13:27:45.594"/>
</kw>
<kw name="Should Be Equal" library="BuiltIn">
<arg>${total_verify_num}</arg>
<arg>${total_cal}</arg>
<doc>Fails if the given objects are unequal.</doc>
<status status="PASS" starttime="20240914 13:27:45.594" endtime="20240914 13:27:45.594"/>
</kw>
<status status="PASS" starttime="20240914 13:27:45.469" endtime="20240914 13:27:45.594"/>
</kw>
<status status="PASS" starttime="20240914 13:27:45.351" endtime="20240914 13:27:45.594"/>
</test>
<test id="s1-s2-t6" name="TC_1.6 Submit Order and Verify Order Success" line="35">
<kw name="Click button finish" library="index_page">
<kw name="Click element when ready" library="common">
<arg>${submit.btn}</arg>
<kw name="Wait Until Element Is Visible" library="SeleniumLibrary">
<arg>${locator}</arg>
<arg>${time}</arg>
<doc>Waits until the element ``locator`` is visible.</doc>
<status status="PASS" starttime="20240914 13:27:45.596" endtime="20240914 13:27:45.614"/>
</kw>
<kw name="Click Element" library="SeleniumLibrary">
<arg>${locator}</arg>
<doc>Click the element identified by ``locator``.</doc>
<msg timestamp="20240914 13:27:45.615" level="INFO">Clicking element 'id=finish'.</msg>
<status status="PASS" starttime="20240914 13:27:45.614" endtime="20240914 13:27:45.658"/>
</kw>
<status status="PASS" starttime="20240914 13:27:45.595" endtime="20240914 13:27:45.658"/>
</kw>
<status status="PASS" starttime="20240914 13:27:45.595" endtime="20240914 13:27:45.659"/>
</kw>
<kw name="Verify checkout success" library="index_page">
<arg>${TC_1.data6.orderSuccess}</arg>
<kw name="Get text when ready" library="common">
<var>${orderSuccess}</var>
<arg>${complete.txt}</arg>
<kw name="Wait Until Element Is Visible" library="SeleniumLibrary">
<arg>${locator}</arg>
<arg>${time}</arg>
<doc>Waits until the element ``locator`` is visible.</doc>
<status status="PASS" starttime="20240914 13:27:45.661" endtime="20240914 13:27:45.690"/>
</kw>
<kw name="Get Text" library="SeleniumLibrary">
<var>${getText}</var>
<arg>${locator}</arg>
<doc>Returns the text value of the element identified by ``locator``.</doc>
<msg timestamp="20240914 13:27:45.706" level="INFO">${getText} = Thank you for your order!</msg>
<status status="PASS" starttime="20240914 13:27:45.690" endtime="20240914 13:27:45.706"/>
</kw>
<return>
<value>${getText}</value>
<status status="PASS" starttime="20240914 13:27:45.706" endtime="20240914 13:27:45.706"/>
</return>
<msg timestamp="20240914 13:27:45.706" level="INFO">${orderSuccess} = Thank you for your order!</msg>
<status status="PASS" starttime="20240914 13:27:45.660" endtime="20240914 13:27:45.706"/>
</kw>
<kw name="Should Be Equal" library="BuiltIn">
<arg>${orderSuccess}</arg>
<arg>${msg}</arg>
<doc>Fails if the given objects are unequal.</doc>
<status status="PASS" starttime="20240914 13:27:45.706" endtime="20240914 13:27:45.707"/>
</kw>
<status status="PASS" starttime="20240914 13:27:45.659" endtime="20240914 13:27:45.707"/>
</kw>
<status status="PASS" starttime="20240914 13:27:45.594" endtime="20240914 13:27:45.707"/>
</test>
<kw name="Close Browser" library="SeleniumLibrary" type="TEARDOWN">
<doc>Closes the current browser.</doc>
<status status="PASS" starttime="20240914 13:27:45.707" endtime="20240914 13:27:45.957"/>
</kw>
<status status="PASS" starttime="20240914 13:27:34.888" endtime="20240914 13:27:45.957"/>
</suite>
<status status="PASS" starttime="20240914 13:27:32.619" endtime="20240914 13:27:45.960"/>
</suite>
<statistics>
<total>
<stat pass="10" fail="0" skip="0">All Tests</stat>
</total>
<tag>
</tag>
<suite>
<stat pass="10" fail="0" skip="0" id="s1" name="Testcases">Testcases</stat>
<stat pass="4" fail="0" skip="0" id="s1-s1" name="Test Api">Testcases.Test Api</stat>
<stat pass="6" fail="0" skip="0" id="s1-s2" name="Test Index">Testcases.Test Index</stat>
</suite>
</statistics>
<errors>
<msg timestamp="20240914 13:27:44.806" level="WARN">"Products May Be Removed From Cart - Sauce Labs Backpack"</msg>
</errors>
</robot>
